2024-09-04 15:33:01,667 : LeNet5(
2024-09-04 15:33:01,667 :   (conv1): WhiteConv2(1, 6, kernel_size=(5, 5), stride=(1, 1), padding=(2, 2), padding_mode=replicate)
2024-09-04 15:33:01,667 :   (pool1): WhitePool()
2024-09-04 15:33:01,667 :   (conv2): WhiteConv2(6, 16, kernel_size=(5, 5), stride=(1, 1), padding_mode=replicate)
2024-09-04 15:33:01,667 :   (pool2): WhitePool()
2024-09-04 15:33:01,667 :   (fc1): WhiteLinear(in_features=400, out_features=120, bias=True)
2024-09-04 15:33:01,667 :   (fc2): WhiteLinear(in_features=120, out_features=84, bias=True)
2024-09-04 15:33:01,667 :   (fc3): WhiteLinear(in_features=84, out_features=10, bias=True)
2024-09-04 15:33:01,678 : )
2024-09-04 15:33:01,712 : ==============================1-conv1 load==============================
2024-09-04 15:33:01,713 : ==============================2-pool1 load==============================
2024-09-04 15:33:01,723 : ==============================3-conv2 load==============================
2024-09-04 15:33:01,726 : ==============================4-pool2 load==============================
2024-09-04 15:33:01,958 : ==============================5-fc1 load==============================
2024-09-04 15:33:02,002 : ==============================6-fc2 load==============================
2024-09-04 15:33:02,007 : ==============================7-fc3 load==============================
2024-09-04 15:33:02,125 : 0 79 Acc: 94.531%
2024-09-04 15:33:02,234 : 1 79 Acc: 93.359%
2024-09-04 15:33:02,336 : 2 79 Acc: 95.312%
2024-09-04 15:33:02,437 : 3 79 Acc: 96.094%
2024-09-04 15:33:02,542 : 4 79 Acc: 95.938%
2024-09-04 15:33:02,657 : 5 79 Acc: 96.224%
2024-09-04 15:33:02,772 : 6 79 Acc: 96.317%
2024-09-04 15:33:02,877 : 7 79 Acc: 96.191%
2024-09-04 15:33:02,982 : 8 79 Acc: 96.267%
2024-09-04 15:33:03,085 : 9 79 Acc: 96.250%
2024-09-04 15:33:03,188 : 10 79 Acc: 96.378%
2024-09-04 15:33:03,290 : 11 79 Acc: 96.289%
2024-09-04 15:33:03,395 : 12 79 Acc: 96.154%
2024-09-04 15:33:03,522 : 13 79 Acc: 96.150%
2024-09-04 15:33:03,622 : 14 79 Acc: 96.302%
2024-09-04 15:33:03,732 : 15 79 Acc: 96.436%
2024-09-04 15:33:03,838 : 16 79 Acc: 96.369%
2024-09-04 15:33:03,955 : 17 79 Acc: 96.267%
2024-09-04 15:33:04,060 : 18 79 Acc: 96.094%
2024-09-04 15:33:04,165 : 19 79 Acc: 96.133%
2024-09-04 15:33:04,268 : 20 79 Acc: 96.019%
2024-09-04 15:33:04,369 : 21 79 Acc: 95.987%
2024-09-04 15:33:04,473 : 22 79 Acc: 95.754%
2024-09-04 15:33:04,576 : 23 79 Acc: 95.703%
2024-09-04 15:33:04,680 : 24 79 Acc: 95.594%
2024-09-04 15:33:04,793 : 25 79 Acc: 95.583%
2024-09-04 15:33:04,905 : 26 79 Acc: 95.544%
2024-09-04 15:33:05,011 : 27 79 Acc: 95.619%
2024-09-04 15:33:05,117 : 28 79 Acc: 95.690%
2024-09-04 15:33:05,221 : 29 79 Acc: 95.703%
2024-09-04 15:33:05,326 : 30 79 Acc: 95.766%
2024-09-04 15:33:05,434 : 31 79 Acc: 95.703%
2024-09-04 15:33:05,547 : 32 79 Acc: 95.668%
2024-09-04 15:33:05,661 : 33 79 Acc: 95.657%
2024-09-04 15:33:05,770 : 34 79 Acc: 95.647%
2024-09-04 15:33:05,877 : 35 79 Acc: 95.551%
2024-09-04 15:33:05,984 : 36 79 Acc: 95.650%
2024-09-04 15:33:06,090 : 37 79 Acc: 95.683%
2024-09-04 15:33:06,196 : 38 79 Acc: 95.673%
2024-09-04 15:33:06,302 : 39 79 Acc: 95.645%
2024-09-04 15:33:06,413 : 40 79 Acc: 95.617%
2024-09-04 15:33:06,518 : 41 79 Acc: 95.629%
2024-09-04 15:33:06,622 : 42 79 Acc: 95.603%
2024-09-04 15:33:06,731 : 43 79 Acc: 95.614%
2024-09-04 15:33:06,835 : 44 79 Acc: 95.590%
2024-09-04 15:33:06,941 : 45 79 Acc: 95.601%
2024-09-04 15:33:07,042 : 46 79 Acc: 95.628%
2024-09-04 15:33:07,142 : 47 79 Acc: 95.622%
2024-09-04 15:33:07,248 : 48 79 Acc: 95.615%
2024-09-04 15:33:07,350 : 49 79 Acc: 95.641%
2024-09-04 15:33:07,455 : 50 79 Acc: 95.588%
2024-09-04 15:33:07,568 : 51 79 Acc: 95.568%
2024-09-04 15:33:07,671 : 52 79 Acc: 95.637%
2024-09-04 15:33:07,778 : 53 79 Acc: 95.660%
2024-09-04 15:33:07,890 : 54 79 Acc: 95.625%
2024-09-04 15:33:08,003 : 55 79 Acc: 95.592%
2024-09-04 15:33:08,115 : 56 79 Acc: 95.628%
2024-09-04 15:33:08,225 : 57 79 Acc: 95.595%
2024-09-04 15:33:08,336 : 58 79 Acc: 95.617%
2024-09-04 15:33:08,513 : 59 79 Acc: 95.651%
2024-09-04 15:33:08,689 : 60 79 Acc: 95.658%
2024-09-04 15:33:08,829 : 61 79 Acc: 95.665%
2024-09-04 15:33:08,937 : 62 79 Acc: 95.672%
2024-09-04 15:33:09,201 : 63 79 Acc: 95.667%
2024-09-04 15:33:09,333 : 64 79 Acc: 95.673%
2024-09-04 15:33:09,449 : 65 79 Acc: 95.656%
2024-09-04 15:33:09,559 : 66 79 Acc: 95.697%
2024-09-04 15:33:09,669 : 67 79 Acc: 95.669%
2024-09-04 15:33:09,783 : 68 79 Acc: 95.709%
2024-09-04 15:33:09,895 : 69 79 Acc: 95.681%
2024-09-04 15:33:10,003 : 70 79 Acc: 95.687%
2024-09-04 15:33:10,107 : 71 79 Acc: 95.703%
2024-09-04 15:33:10,218 : 72 79 Acc: 95.719%
2024-09-04 15:33:10,362 : 73 79 Acc: 95.703%
2024-09-04 15:33:10,489 : 74 79 Acc: 95.698%
2024-09-04 15:33:10,617 : 75 79 Acc: 95.683%
2024-09-04 15:33:10,729 : 76 79 Acc: 95.637%
2024-09-04 15:33:10,843 : 77 79 Acc: 95.593%
2024-09-04 15:33:10,885 : 78 79 Acc: 95.600%
