2026-01-13 15:43:12,347 : MobileNetV1(
2026-01-13 15:43:12,348 :   (model): WhiteSequential(
2026-01-13 15:43:12,348 :     (0): WhiteSequential(
2026-01-13 15:43:12,348 :       (0): WhiteConv2(3, 32, kernel_size=(3, 3), stride=(2, 2), padding=(1, 1))
2026-01-13 15:43:12,348 :       (1): WhiteBatchNorm2d(32, eps=1e-05, momentum=0.1, affine=True, track_running_stats=True)
2026-01-13 15:43:12,348 :     )
2026-01-13 15:43:12,349 :     (1): WhiteSequential(
2026-01-13 15:43:12,349 :       (0): WhiteConv2Groups(32, 32, kernel_size=(3, 3), stride=(1, 1), padding=(1, 1), groups=32, bias=False)
2026-01-13 15:43:12,349 :       (1): WhiteBatchNorm2d(32, eps=1e-05, momentum=0.1, affine=True, track_running_stats=True)
2026-01-13 15:43:12,349 :       (2): WhiteConv2(32, 64, kernel_size=(1, 1), stride=(1, 1), bias=False)
2026-01-13 15:43:12,350 :       (3): WhiteBatchNorm2d(64, eps=1e-05, momentum=0.1, affine=True, track_running_stats=True)
2026-01-13 15:43:12,350 :     )
2026-01-13 15:43:12,350 :     (2): WhiteSequential(
2026-01-13 15:43:12,350 :       (0): WhiteConv2Groups(64, 64, kernel_size=(3, 3), stride=(2, 2), padding=(1, 1), groups=64, bias=False)
2026-01-13 15:43:12,351 :       (1): WhiteBatchNorm2d(64, eps=1e-05, momentum=0.1, affine=True, track_running_stats=True)
2026-01-13 15:43:12,351 :       (2): WhiteConv2(64, 128, kernel_size=(1, 1), stride=(1, 1), bias=False)
2026-01-13 15:43:12,351 :       (3): WhiteBatchNorm2d(128, eps=1e-05, momentum=0.1, affine=True, track_running_stats=True)
2026-01-13 15:43:12,351 :     )
2026-01-13 15:43:12,352 :     (3): WhiteSequential(
2026-01-13 15:43:12,352 :       (0): WhiteConv2Groups(128, 128, kernel_size=(3, 3), stride=(1, 1), padding=(1, 1), groups=128, bias=False)
2026-01-13 15:43:12,352 :       (1): WhiteBatchNorm2d(128, eps=1e-05, momentum=0.1, affine=True, track_running_stats=True)
2026-01-13 15:43:12,352 :       (2): WhiteConv2(128, 128, kernel_size=(1, 1), stride=(1, 1), bias=False)
2026-01-13 15:43:12,352 :       (3): WhiteBatchNorm2d(128, eps=1e-05, momentum=0.1, affine=True, track_running_stats=True)
2026-01-13 15:43:12,352 :     )
2026-01-13 15:43:12,352 :     (4): WhiteSequential(
2026-01-13 15:43:12,353 :       (0): WhiteConv2Groups(128, 128, kernel_size=(3, 3), stride=(2, 2), padding=(1, 1), groups=128, bias=False)
2026-01-13 15:43:12,353 :       (1): WhiteBatchNorm2d(128, eps=1e-05, momentum=0.1, affine=True, track_running_stats=True)
2026-01-13 15:43:12,353 :       (2): WhiteConv2(128, 256, kernel_size=(1, 1), stride=(1, 1), bias=False)
2026-01-13 15:43:12,353 :       (3): WhiteBatchNorm2d(256, eps=1e-05, momentum=0.1, affine=True, track_running_stats=True)
2026-01-13 15:43:12,353 :     )
2026-01-13 15:43:12,353 :     (5): WhiteSequential(
2026-01-13 15:43:12,353 :       (0): WhiteConv2Groups(256, 256, kernel_size=(3, 3), stride=(1, 1), padding=(1, 1), groups=256, bias=False)
2026-01-13 15:43:12,353 :       (1): WhiteBatchNorm2d(256, eps=1e-05, momentum=0.1, affine=True, track_running_stats=True)
2026-01-13 15:43:12,354 :       (2): WhiteConv2(256, 256, kernel_size=(1, 1), stride=(1, 1), bias=False)
2026-01-13 15:43:12,354 :       (3): WhiteBatchNorm2d(256, eps=1e-05, momentum=0.1, affine=True, track_running_stats=True)
2026-01-13 15:43:12,354 :     )
2026-01-13 15:43:12,354 :     (6): WhiteSequential(
2026-01-13 15:43:12,354 :       (0): WhiteConv2Groups(256, 256, kernel_size=(3, 3), stride=(2, 2), padding=(1, 1), groups=256, bias=False)
2026-01-13 15:43:12,354 :       (1): WhiteBatchNorm2d(256, eps=1e-05, momentum=0.1, affine=True, track_running_stats=True)
2026-01-13 15:43:12,354 :       (2): WhiteConv2(256, 512, kernel_size=(1, 1), stride=(1, 1), bias=False)
2026-01-13 15:43:12,354 :       (3): WhiteBatchNorm2d(512, eps=1e-05, momentum=0.1, affine=True, track_running_stats=True)
2026-01-13 15:43:12,355 :     )
2026-01-13 15:43:12,355 :     (7): WhiteSequential(
2026-01-13 15:43:12,355 :       (0): WhiteConv2Groups(512, 512, kernel_size=(3, 3), stride=(1, 1), padding=(1, 1), groups=512, bias=False)
2026-01-13 15:43:12,355 :       (1): WhiteBatchNorm2d(512, eps=1e-05, momentum=0.1, affine=True, track_running_stats=True)
2026-01-13 15:43:12,355 :       (2): WhiteConv2(512, 512, kernel_size=(1, 1), stride=(1, 1), bias=False)
2026-01-13 15:43:12,355 :       (3): WhiteBatchNorm2d(512, eps=1e-05, momentum=0.1, affine=True, track_running_stats=True)
2026-01-13 15:43:12,355 :     )
2026-01-13 15:43:12,355 :     (8): WhiteSequential(
2026-01-13 15:43:12,356 :       (0): WhiteConv2Groups(512, 512, kernel_size=(3, 3), stride=(1, 1), padding=(1, 1), groups=512, bias=False)
2026-01-13 15:43:12,356 :       (1): WhiteBatchNorm2d(512, eps=1e-05, momentum=0.1, affine=True, track_running_stats=True)
2026-01-13 15:43:12,356 :       (2): WhiteConv2(512, 512, kernel_size=(1, 1), stride=(1, 1), bias=False)
2026-01-13 15:43:12,356 :       (3): WhiteBatchNorm2d(512, eps=1e-05, momentum=0.1, affine=True, track_running_stats=True)
2026-01-13 15:43:12,356 :     )
2026-01-13 15:43:12,356 :     (9): WhiteSequential(
2026-01-13 15:43:12,356 :       (0): WhiteConv2Groups(512, 512, kernel_size=(3, 3), stride=(1, 1), padding=(1, 1), groups=512, bias=False)
2026-01-13 15:43:12,356 :       (1): WhiteBatchNorm2d(512, eps=1e-05, momentum=0.1, affine=True, track_running_stats=True)
2026-01-13 15:43:12,356 :       (2): WhiteConv2(512, 512, kernel_size=(1, 1), stride=(1, 1), bias=False)
2026-01-13 15:43:12,357 :       (3): WhiteBatchNorm2d(512, eps=1e-05, momentum=0.1, affine=True, track_running_stats=True)
2026-01-13 15:43:12,357 :     )
2026-01-13 15:43:12,357 :     (10): WhiteSequential(
2026-01-13 15:43:12,357 :       (0): WhiteConv2Groups(512, 512, kernel_size=(3, 3), stride=(1, 1), padding=(1, 1), groups=512, bias=False)
2026-01-13 15:43:12,357 :       (1): WhiteBatchNorm2d(512, eps=1e-05, momentum=0.1, affine=True, track_running_stats=True)
2026-01-13 15:43:12,357 :       (2): WhiteConv2(512, 512, kernel_size=(1, 1), stride=(1, 1), bias=False)
2026-01-13 15:43:12,357 :       (3): WhiteBatchNorm2d(512, eps=1e-05, momentum=0.1, affine=True, track_running_stats=True)
2026-01-13 15:43:12,357 :     )
2026-01-13 15:43:12,357 :     (11): WhiteSequential(
2026-01-13 15:43:12,358 :       (0): WhiteConv2Groups(512, 512, kernel_size=(3, 3), stride=(1, 1), padding=(1, 1), groups=512, bias=False)
2026-01-13 15:43:12,358 :       (1): WhiteBatchNorm2d(512, eps=1e-05, momentum=0.1, affine=True, track_running_stats=True)
2026-01-13 15:43:12,358 :       (2): WhiteConv2(512, 512, kernel_size=(1, 1), stride=(1, 1), bias=False)
2026-01-13 15:43:12,358 :       (3): WhiteBatchNorm2d(512, eps=1e-05, momentum=0.1, affine=True, track_running_stats=True)
2026-01-13 15:43:12,358 :     )
2026-01-13 15:43:12,358 :     (12): WhiteSequential(
2026-01-13 15:43:12,358 :       (0): WhiteConv2Groups(512, 512, kernel_size=(3, 3), stride=(2, 2), padding=(1, 1), groups=512, bias=False)
2026-01-13 15:43:12,358 :       (1): WhiteBatchNorm2d(512, eps=1e-05, momentum=0.1, affine=True, track_running_stats=True)
2026-01-13 15:43:12,358 :       (2): WhiteConv2(512, 1024, kernel_size=(1, 1), stride=(1, 1), bias=False)
2026-01-13 15:43:12,358 :       (3): WhiteBatchNorm2d(1024, eps=1e-05, momentum=0.1, affine=True, track_running_stats=True)
2026-01-13 15:43:12,358 :     )
2026-01-13 15:43:12,359 :     (13): WhiteSequential(
2026-01-13 15:43:12,359 :       (0): WhiteConv2Groups(1024, 1024, kernel_size=(3, 3), stride=(1, 1), padding=(1, 1), groups=1024, bias=False)
2026-01-13 15:43:12,359 :       (1): WhiteBatchNorm2d(1024, eps=1e-05, momentum=0.1, affine=True, track_running_stats=True)
2026-01-13 15:43:12,359 :       (2): WhiteConv2(1024, 1024, kernel_size=(1, 1), stride=(1, 1), bias=False)
2026-01-13 15:43:12,359 :       (3): WhiteBatchNorm2d(1024, eps=1e-05, momentum=0.1, affine=True, track_running_stats=True)
2026-01-13 15:43:12,359 :     )
2026-01-13 15:43:12,359 :     (14): WhitePool()
2026-01-13 15:43:12,360 :   )
2026-01-13 15:43:12,360 :   (fc): WhiteMiniLinear(in_features=1024, out_features=1000, bias=True)
2026-01-13 15:43:12,360 : )
2026-01-13 15:43:12,804 : ==============================1-model.0.0 load==============================
2026-01-13 15:43:12,825 : ==============================2-model.0.1 load==============================
2026-01-13 15:43:12,853 : ==============================3-model.1.0 load==============================
2026-01-13 15:43:12,862 : ==============================4-model.1.1 load==============================
2026-01-13 15:43:13,062 : ==============================5-model.1.2 load==============================
2026-01-13 15:43:13,090 : ==============================6-model.1.3 load==============================
2026-01-13 15:43:13,155 : ==============================7-model.2.0 load==============================
2026-01-13 15:43:13,181 : ==============================8-model.2.1 load==============================
2026-01-13 15:43:13,585 : ==============================9-model.2.2 load==============================
2026-01-13 15:43:13,599 : ==============================10-model.2.3 load==============================
2026-01-13 15:43:13,721 : ==============================11-model.3.0 load==============================
2026-01-13 15:43:13,752 : ==============================12-model.3.1 load==============================
2026-01-13 15:43:14,221 : ==============================13-model.3.2 load==============================
2026-01-13 15:43:14,239 : ==============================14-model.3.3 load==============================
2026-01-13 15:43:14,372 : ==============================15-model.4.0 load==============================
2026-01-13 15:43:14,386 : ==============================16-model.4.1 load==============================
2026-01-13 15:43:15,066 : ==============================17-model.4.2 load==============================
2026-01-13 15:43:15,090 : ==============================18-model.4.3 load==============================
2026-01-13 15:43:15,258 : ==============================19-model.5.0 load==============================
2026-01-13 15:43:15,268 : ==============================20-model.5.1 load==============================
2026-01-13 15:43:16,128 : ==============================21-model.5.2 load==============================
2026-01-13 15:43:16,138 : ==============================22-model.5.3 load==============================
2026-01-13 15:43:16,288 : ==============================23-model.6.0 load==============================
2026-01-13 15:43:16,299 : ==============================24-model.6.1 load==============================
2026-01-13 15:43:17,599 : ==============================25-model.6.2 load==============================
2026-01-13 15:43:17,613 : ==============================26-model.6.3 load==============================
2026-01-13 15:43:17,887 : ==============================27-model.7.0 load==============================
2026-01-13 15:43:17,903 : ==============================28-model.7.1 load==============================
2026-01-13 15:43:19,531 : ==============================29-model.7.2 load==============================
2026-01-13 15:43:19,549 : ==============================30-model.7.3 load==============================
2026-01-13 15:43:19,826 : ==============================31-model.8.0 load==============================
2026-01-13 15:43:19,839 : ==============================32-model.8.1 load==============================
2026-01-13 15:43:21,479 : ==============================33-model.8.2 load==============================
2026-01-13 15:43:21,502 : ==============================34-model.8.3 load==============================
2026-01-13 15:43:21,813 : ==============================35-model.9.0 load==============================
2026-01-13 15:43:21,827 : ==============================36-model.9.1 load==============================
2026-01-13 15:43:23,538 : ==============================37-model.9.2 load==============================
2026-01-13 15:43:23,553 : ==============================38-model.9.3 load==============================
2026-01-13 15:43:23,846 : ==============================39-model.10.0 load==============================
2026-01-13 15:43:23,862 : ==============================40-model.10.1 load==============================
2026-01-13 15:43:25,535 : ==============================41-model.10.2 load==============================
2026-01-13 15:43:25,544 : ==============================42-model.10.3 load==============================
2026-01-13 15:43:25,853 : ==============================43-model.11.0 load==============================
2026-01-13 15:43:25,871 : ==============================44-model.11.1 load==============================
2026-01-13 15:43:27,609 : ==============================45-model.11.2 load==============================
2026-01-13 15:43:27,621 : ==============================46-model.11.3 load==============================
2026-01-13 15:43:27,924 : ==============================47-model.12.0 load==============================
2026-01-13 15:43:27,947 : ==============================48-model.12.1 load==============================
2026-01-13 15:43:30,608 : ==============================49-model.12.2 load==============================
2026-01-13 15:43:30,621 : ==============================50-model.12.3 load==============================
2026-01-13 15:43:31,165 : ==============================51-model.13.0 load==============================
2026-01-13 15:43:31,189 : ==============================52-model.13.1 load==============================
2026-01-13 15:43:34,455 : ==============================53-model.13.2 load==============================
2026-01-13 15:43:34,476 : ==============================54-model.13.3 load==============================
2026-01-13 15:43:37,184 : ==============================55-model.14 load==============================
2026-01-13 15:43:38,892 : ==============================56-fc load==============================
2026-01-13 15:43:55,845 : 0 200 Acc: 80.000%
2026-01-13 15:44:14,457 : 1 200 Acc: 60.000%
2026-01-13 15:44:32,140 : 2 200 Acc: 63.333%
2026-01-13 15:44:49,743 : 3 200 Acc: 67.500%
2026-01-13 15:45:07,362 : 4 200 Acc: 68.000%
2026-01-13 15:45:11,686 : Traceback (most recent call last):
2026-01-13 15:45:11,687 :   File "E:\TableNet2026\generateWhitebox.py", line 170, in <module>
2026-01-13 15:45:11,688 :     net.test_whitebox(save_path, train_set, test_set, test_batch_size, clustering_batch_size, white_bit, input_format)
2026-01-13 15:45:11,688 :   File "E:\TableNet2026\modules\white_net.py", line 85, in test_whitebox
2026-01-13 15:45:11,688 :     self.test_once(test_loader)
2026-01-13 15:45:11,689 :   File "E:\TableNet2026\modules\white_net.py", line 26, in test_once
2026-01-13 15:45:11,689 :     outputs = self(inputs)
2026-01-13 15:45:11,689 :   File "C:\Users\12784\anaconda3\envs\py3.10\lib\site-packages\torch\nn\modules\module.py", line 1532, in _wrapped_call_impl
2026-01-13 15:45:11,691 :     return self._call_impl(*args, **kwargs)
2026-01-13 15:45:11,691 :   File "C:\Users\12784\anaconda3\envs\py3.10\lib\site-packages\torch\nn\modules\module.py", line 1541, in _call_impl
2026-01-13 15:45:11,692 :     return forward_call(*args, **kwargs)
2026-01-13 15:45:11,692 :   File "E:\TableNet2026\net\mobilenet.py", line 51, in forward
2026-01-13 15:45:11,692 :     x = self.model(x)
2026-01-13 15:45:11,692 :   File "C:\Users\12784\anaconda3\envs\py3.10\lib\site-packages\torch\nn\modules\module.py", line 1532, in _wrapped_call_impl
2026-01-13 15:45:11,693 :     return self._call_impl(*args, **kwargs)
2026-01-13 15:45:11,693 :   File "C:\Users\12784\anaconda3\envs\py3.10\lib\site-packages\torch\nn\modules\module.py", line 1541, in _call_impl
2026-01-13 15:45:11,694 :     return forward_call(*args, **kwargs)
2026-01-13 15:45:11,694 :   File "C:\Users\12784\anaconda3\envs\py3.10\lib\site-packages\torch\nn\modules\container.py", line 217, in forward
2026-01-13 15:45:11,695 :     input = module(input)
2026-01-13 15:45:11,695 :   File "C:\Users\12784\anaconda3\envs\py3.10\lib\site-packages\torch\nn\modules\module.py", line 1532, in _wrapped_call_impl
2026-01-13 15:45:11,696 :     return self._call_impl(*args, **kwargs)
2026-01-13 15:45:11,696 :   File "C:\Users\12784\anaconda3\envs\py3.10\lib\site-packages\torch\nn\modules\module.py", line 1541, in _call_impl
2026-01-13 15:45:11,697 :     return forward_call(*args, **kwargs)
2026-01-13 15:45:11,697 :   File "C:\Users\12784\anaconda3\envs\py3.10\lib\site-packages\torch\nn\modules\container.py", line 217, in forward
2026-01-13 15:45:11,697 :     input = module(input)
2026-01-13 15:45:11,698 :   File "C:\Users\12784\anaconda3\envs\py3.10\lib\site-packages\torch\nn\modules\module.py", line 1532, in _wrapped_call_impl
2026-01-13 15:45:11,698 :     return self._call_impl(*args, **kwargs)
2026-01-13 15:45:11,699 :   File "C:\Users\12784\anaconda3\envs\py3.10\lib\site-packages\torch\nn\modules\module.py", line 1541, in _call_impl
2026-01-13 15:45:11,699 :     return forward_call(*args, **kwargs)
2026-01-13 15:45:11,700 :   File "E:\TableNet2026\modules\parents\clustering_layer.py", line 88, in forward
2026-01-13 15:45:11,701 :     out = self._whitebox_forward(input)
2026-01-13 15:45:11,702 :   File "E:\TableNet2026\modules\white_conv.py", line 69, in _whitebox_forward
2026-01-13 15:45:11,715 :     out[:, out_ch] = table[out[:, out_ch], input_arr[:, in_ch, i: i + step: stride, j: j + step: stride]]
2026-01-13 15:45:11,716 : KeyboardInterrupt
