2024-09-04 15:17:13,772 : MobileNetV1(
2024-09-04 15:17:13,772 :   (model): WhiteSequential(
2024-09-04 15:17:13,772 :     (0): WhiteSequential(
2024-09-04 15:17:13,772 :       (0): WhiteConv2(3, 32, kernel_size=(3, 3), stride=(2, 2), padding=(1, 1), padding_mode=replicate)
2024-09-04 15:17:13,772 :       (1): WhiteBatchNorm2d(32, eps=1e-05, momentum=0.1, affine=True, track_running_stats=True)
2024-09-04 15:17:13,772 :     )
2024-09-04 15:17:13,772 :     (1): WhiteSequential(
2024-09-04 15:17:13,772 :       (0): WhiteConv2Groups(32, 32, kernel_size=(3, 3), stride=(1, 1), padding=(1, 1), groups=32, bias=False)
2024-09-04 15:17:13,782 :       (1): WhiteBatchNorm2d(32, eps=1e-05, momentum=0.1, affine=True, track_running_stats=True)
2024-09-04 15:17:13,782 :       (2): WhiteConv2(32, 64, kernel_size=(1, 1), stride=(1, 1), bias=False, padding_mode=replicate)
2024-09-04 15:17:13,782 :       (3): WhiteBatchNorm2d(64, eps=1e-05, momentum=0.1, affine=True, track_running_stats=True)
2024-09-04 15:17:13,782 :     )
2024-09-04 15:17:13,782 :     (2): WhiteSequential(
2024-09-04 15:17:13,782 :       (0): WhiteConv2Groups(64, 64, kernel_size=(3, 3), stride=(2, 2), padding=(1, 1), groups=64, bias=False)
2024-09-04 15:17:13,782 :       (1): WhiteBatchNorm2d(64, eps=1e-05, momentum=0.1, affine=True, track_running_stats=True)
2024-09-04 15:17:13,782 :       (2): WhiteConv2(64, 128, kernel_size=(1, 1), stride=(1, 1), bias=False, padding_mode=replicate)
2024-09-04 15:17:13,782 :       (3): WhiteBatchNorm2d(128, eps=1e-05, momentum=0.1, affine=True, track_running_stats=True)
2024-09-04 15:17:13,782 :     )
2024-09-04 15:17:13,782 :     (3): WhiteSequential(
2024-09-04 15:17:13,782 :       (0): WhiteConv2Groups(128, 128, kernel_size=(3, 3), stride=(1, 1), padding=(1, 1), groups=128, bias=False)
2024-09-04 15:17:13,782 :       (1): WhiteBatchNorm2d(128, eps=1e-05, momentum=0.1, affine=True, track_running_stats=True)
2024-09-04 15:17:13,782 :       (2): WhiteConv2(128, 128, kernel_size=(1, 1), stride=(1, 1), bias=False, padding_mode=replicate)
2024-09-04 15:17:13,782 :       (3): WhiteBatchNorm2d(128, eps=1e-05, momentum=0.1, affine=True, track_running_stats=True)
2024-09-04 15:17:13,782 :     )
2024-09-04 15:17:13,782 :     (4): WhiteSequential(
2024-09-04 15:17:13,782 :       (0): WhiteConv2Groups(128, 128, kernel_size=(3, 3), stride=(2, 2), padding=(1, 1), groups=128, bias=False)
2024-09-04 15:17:13,782 :       (1): WhiteBatchNorm2d(128, eps=1e-05, momentum=0.1, affine=True, track_running_stats=True)
2024-09-04 15:17:13,782 :       (2): WhiteConv2(128, 256, kernel_size=(1, 1), stride=(1, 1), bias=False, padding_mode=replicate)
2024-09-04 15:17:13,782 :       (3): WhiteBatchNorm2d(256, eps=1e-05, momentum=0.1, affine=True, track_running_stats=True)
2024-09-04 15:17:13,782 :     )
2024-09-04 15:17:13,782 :     (5): WhiteSequential(
2024-09-04 15:17:13,782 :       (0): WhiteConv2Groups(256, 256, kernel_size=(3, 3), stride=(1, 1), padding=(1, 1), groups=256, bias=False)
2024-09-04 15:17:13,782 :       (1): WhiteBatchNorm2d(256, eps=1e-05, momentum=0.1, affine=True, track_running_stats=True)
2024-09-04 15:17:13,782 :       (2): WhiteConv2(256, 256, kernel_size=(1, 1), stride=(1, 1), bias=False, padding_mode=replicate)
2024-09-04 15:17:13,782 :       (3): WhiteBatchNorm2d(256, eps=1e-05, momentum=0.1, affine=True, track_running_stats=True)
2024-09-04 15:17:13,782 :     )
2024-09-04 15:17:13,782 :     (6): WhiteSequential(
2024-09-04 15:17:13,782 :       (0): WhiteConv2Groups(256, 256, kernel_size=(3, 3), stride=(2, 2), padding=(1, 1), groups=256, bias=False)
2024-09-04 15:17:13,782 :       (1): WhiteBatchNorm2d(256, eps=1e-05, momentum=0.1, affine=True, track_running_stats=True)
2024-09-04 15:17:13,782 :       (2): WhiteConv2(256, 512, kernel_size=(1, 1), stride=(1, 1), bias=False, padding_mode=replicate)
2024-09-04 15:17:13,782 :       (3): WhiteBatchNorm2d(512, eps=1e-05, momentum=0.1, affine=True, track_running_stats=True)
2024-09-04 15:17:13,782 :     )
2024-09-04 15:17:13,783 :     (7): WhiteSequential(
2024-09-04 15:17:13,783 :       (0): WhiteConv2Groups(512, 512, kernel_size=(3, 3), stride=(1, 1), padding=(1, 1), groups=512, bias=False)
2024-09-04 15:17:13,783 :       (1): WhiteBatchNorm2d(512, eps=1e-05, momentum=0.1, affine=True, track_running_stats=True)
2024-09-04 15:17:13,783 :       (2): WhiteConv2(512, 512, kernel_size=(1, 1), stride=(1, 1), bias=False, padding_mode=replicate)
2024-09-04 15:17:13,783 :       (3): WhiteBatchNorm2d(512, eps=1e-05, momentum=0.1, affine=True, track_running_stats=True)
2024-09-04 15:17:13,783 :     )
2024-09-04 15:17:13,783 :     (8): WhiteSequential(
2024-09-04 15:17:13,783 :       (0): WhiteConv2Groups(512, 512, kernel_size=(3, 3), stride=(1, 1), padding=(1, 1), groups=512, bias=False)
2024-09-04 15:17:13,785 :       (1): WhiteBatchNorm2d(512, eps=1e-05, momentum=0.1, affine=True, track_running_stats=True)
2024-09-04 15:17:13,785 :       (2): WhiteConv2(512, 512, kernel_size=(1, 1), stride=(1, 1), bias=False, padding_mode=replicate)
2024-09-04 15:17:13,785 :       (3): WhiteBatchNorm2d(512, eps=1e-05, momentum=0.1, affine=True, track_running_stats=True)
2024-09-04 15:17:13,785 :     )
2024-09-04 15:17:13,785 :     (9): WhiteSequential(
2024-09-04 15:17:13,785 :       (0): WhiteConv2Groups(512, 512, kernel_size=(3, 3), stride=(1, 1), padding=(1, 1), groups=512, bias=False)
2024-09-04 15:17:13,785 :       (1): WhiteBatchNorm2d(512, eps=1e-05, momentum=0.1, affine=True, track_running_stats=True)
2024-09-04 15:17:13,785 :       (2): WhiteConv2(512, 512, kernel_size=(1, 1), stride=(1, 1), bias=False, padding_mode=replicate)
2024-09-04 15:17:13,785 :       (3): WhiteBatchNorm2d(512, eps=1e-05, momentum=0.1, affine=True, track_running_stats=True)
2024-09-04 15:17:13,785 :     )
2024-09-04 15:17:13,785 :     (10): WhiteSequential(
2024-09-04 15:17:13,785 :       (0): WhiteConv2Groups(512, 512, kernel_size=(3, 3), stride=(1, 1), padding=(1, 1), groups=512, bias=False)
2024-09-04 15:17:13,785 :       (1): WhiteBatchNorm2d(512, eps=1e-05, momentum=0.1, affine=True, track_running_stats=True)
2024-09-04 15:17:13,785 :       (2): WhiteConv2(512, 512, kernel_size=(1, 1), stride=(1, 1), bias=False, padding_mode=replicate)
2024-09-04 15:17:13,785 :       (3): WhiteBatchNorm2d(512, eps=1e-05, momentum=0.1, affine=True, track_running_stats=True)
2024-09-04 15:17:13,785 :     )
2024-09-04 15:17:13,785 :     (11): WhiteSequential(
2024-09-04 15:17:13,785 :       (0): WhiteConv2Groups(512, 512, kernel_size=(3, 3), stride=(1, 1), padding=(1, 1), groups=512, bias=False)
2024-09-04 15:17:13,785 :       (1): WhiteBatchNorm2d(512, eps=1e-05, momentum=0.1, affine=True, track_running_stats=True)
2024-09-04 15:17:13,785 :       (2): WhiteConv2(512, 512, kernel_size=(1, 1), stride=(1, 1), bias=False, padding_mode=replicate)
2024-09-04 15:17:13,785 :       (3): WhiteBatchNorm2d(512, eps=1e-05, momentum=0.1, affine=True, track_running_stats=True)
2024-09-04 15:17:13,785 :     )
2024-09-04 15:17:13,785 :     (12): WhiteSequential(
2024-09-04 15:17:13,785 :       (0): WhiteConv2Groups(512, 512, kernel_size=(3, 3), stride=(2, 2), padding=(1, 1), groups=512, bias=False)
2024-09-04 15:17:13,785 :       (1): WhiteBatchNorm2d(512, eps=1e-05, momentum=0.1, affine=True, track_running_stats=True)
2024-09-04 15:17:13,785 :       (2): WhiteConv2(512, 1024, kernel_size=(1, 1), stride=(1, 1), bias=False, padding_mode=replicate)
2024-09-04 15:17:13,785 :       (3): WhiteBatchNorm2d(1024, eps=1e-05, momentum=0.1, affine=True, track_running_stats=True)
2024-09-04 15:17:13,785 :     )
2024-09-04 15:17:13,785 :     (13): WhiteSequential(
2024-09-04 15:17:13,785 :       (0): WhiteConv2Groups(1024, 1024, kernel_size=(3, 3), stride=(1, 1), padding=(1, 1), groups=1024, bias=False)
2024-09-04 15:17:13,785 :       (1): WhiteBatchNorm2d(1024, eps=1e-05, momentum=0.1, affine=True, track_running_stats=True)
2024-09-04 15:17:13,785 :       (2): WhiteConv2(1024, 1024, kernel_size=(1, 1), stride=(1, 1), bias=False, padding_mode=replicate)
2024-09-04 15:17:13,785 :       (3): WhiteBatchNorm2d(1024, eps=1e-05, momentum=0.1, affine=True, track_running_stats=True)
2024-09-04 15:17:13,785 :     )
2024-09-04 15:17:13,785 :     (14): WhitePool()
2024-09-04 15:17:13,785 :   )
2024-09-04 15:17:13,785 :   (fc): WhiteMiniLinear(in_features=1024, out_features=1000, bias=True)
2024-09-04 15:17:13,787 : )
2024-09-04 15:17:13,959 : ==============================1-model.0.0 load==============================
2024-09-04 15:17:13,960 : ==============================2-model.0.1 load==============================
2024-09-04 15:17:13,976 : ==============================3-model.1.0 load==============================
2024-09-04 15:17:13,977 : ==============================4-model.1.1 load==============================
2024-09-04 15:17:14,079 : ==============================5-model.1.2 load==============================
2024-09-04 15:17:14,080 : ==============================6-model.1.3 load==============================
2024-09-04 15:17:14,108 : ==============================7-model.2.0 load==============================
2024-09-04 15:17:14,109 : ==============================8-model.2.1 load==============================
2024-09-04 15:17:14,408 : ==============================9-model.2.2 load==============================
2024-09-04 15:17:14,409 : ==============================10-model.2.3 load==============================
2024-09-04 15:17:14,463 : ==============================11-model.3.0 load==============================
2024-09-04 15:17:14,465 : ==============================12-model.3.1 load==============================
2024-09-04 15:17:14,899 : ==============================13-model.3.2 load==============================
2024-09-04 15:17:14,901 : ==============================14-model.3.3 load==============================
2024-09-04 15:17:14,960 : ==============================15-model.4.0 load==============================
2024-09-04 15:17:14,961 : ==============================16-model.4.1 load==============================
2024-09-04 15:17:15,558 : ==============================17-model.4.2 load==============================
2024-09-04 15:17:15,560 : ==============================18-model.4.3 load==============================
2024-09-04 15:17:15,676 : ==============================19-model.5.0 load==============================
2024-09-04 15:17:15,678 : ==============================20-model.5.1 load==============================
2024-09-04 15:17:16,492 : ==============================21-model.5.2 load==============================
2024-09-04 15:17:16,493 : ==============================22-model.5.3 load==============================
2024-09-04 15:17:16,608 : ==============================23-model.6.0 load==============================
2024-09-04 15:17:16,609 : ==============================24-model.6.1 load==============================
2024-09-04 15:17:17,806 : ==============================25-model.6.2 load==============================
2024-09-04 15:17:17,808 : ==============================26-model.6.3 load==============================
2024-09-04 15:17:18,037 : ==============================27-model.7.0 load==============================
2024-09-04 15:17:18,039 : ==============================28-model.7.1 load==============================
2024-09-04 15:17:19,688 : ==============================29-model.7.2 load==============================
2024-09-04 15:17:19,690 : ==============================30-model.7.3 load==============================
2024-09-04 15:17:19,920 : ==============================31-model.8.0 load==============================
2024-09-04 15:17:19,923 : ==============================32-model.8.1 load==============================
2024-09-04 15:17:21,580 : ==============================33-model.8.2 load==============================
2024-09-04 15:17:21,583 : ==============================34-model.8.3 load==============================
2024-09-04 15:17:21,804 : ==============================35-model.9.0 load==============================
2024-09-04 15:17:21,807 : ==============================36-model.9.1 load==============================
2024-09-04 15:17:23,493 : ==============================37-model.9.2 load==============================
2024-09-04 15:17:23,496 : ==============================38-model.9.3 load==============================
2024-09-04 15:17:23,724 : ==============================39-model.10.0 load==============================
2024-09-04 15:17:23,726 : ==============================40-model.10.1 load==============================
2024-09-04 15:17:25,509 : ==============================41-model.10.2 load==============================
2024-09-04 15:17:25,513 : ==============================42-model.10.3 load==============================
2024-09-04 15:17:25,786 : ==============================43-model.11.0 load==============================
2024-09-04 15:17:25,790 : ==============================44-model.11.1 load==============================
2024-09-04 15:17:27,659 : ==============================45-model.11.2 load==============================
2024-09-04 15:17:27,663 : ==============================46-model.11.3 load==============================
2024-09-04 15:17:27,939 : ==============================47-model.12.0 load==============================
2024-09-04 15:17:27,941 : ==============================48-model.12.1 load==============================
2024-09-04 15:17:31,528 : ==============================49-model.12.2 load==============================
2024-09-04 15:17:31,533 : ==============================50-model.12.3 load==============================
2024-09-04 15:17:32,069 : ==============================51-model.13.0 load==============================
2024-09-04 15:17:32,074 : ==============================52-model.13.1 load==============================
2024-09-04 15:17:37,033 : ==============================53-model.13.2 load==============================
2024-09-04 15:17:37,038 : ==============================54-model.13.3 load==============================
2024-09-04 15:17:40,801 : ==============================55-model.14 load==============================
2024-09-04 15:17:42,320 : ==============================56-fc load==============================
2024-09-04 15:17:44,180 : Traceback (most recent call last):
2024-09-04 15:17:44,180 :   File "E:\TableNet\generateWhitebox.py", line 172, in <module>
2024-09-04 15:17:44,180 :     net.test_whitebox(save_path, train_set, test_set, test_batch_size, clustering_batch_size, white_bit, input_format)
2024-09-04 15:17:44,180 :   File "E:\TableNet\modules\white_net.py", line 85, in test_whitebox
2024-09-04 15:17:44,180 :     self.test_once(test_loader)
2024-09-04 15:17:44,180 :   File "E:\TableNet\modules\white_net.py", line 26, in test_once
2024-09-04 15:17:44,180 :     outputs = self(inputs)
2024-09-04 15:17:44,180 :   File "D:\Projects\Pycharm\WBML_update(1)\venv\lib\site-packages\torch\nn\modules\module.py", line 1190, in _call_impl
2024-09-04 15:17:44,181 :     return forward_call(*input, **kwargs)
2024-09-04 15:17:44,181 :   File "E:\TableNet\net\mobilenet.py", line 62, in forward
2024-09-04 15:17:44,181 :     x = self.model(x)
2024-09-04 15:17:44,181 :   File "D:\Projects\Pycharm\WBML_update(1)\venv\lib\site-packages\torch\nn\modules\module.py", line 1190, in _call_impl
2024-09-04 15:17:44,181 :     return forward_call(*input, **kwargs)
2024-09-04 15:17:44,181 :   File "D:\Projects\Pycharm\WBML_update(1)\venv\lib\site-packages\torch\nn\modules\container.py", line 204, in forward
2024-09-04 15:17:44,181 :     input = module(input)
2024-09-04 15:17:44,181 :   File "D:\Projects\Pycharm\WBML_update(1)\venv\lib\site-packages\torch\nn\modules\module.py", line 1190, in _call_impl
2024-09-04 15:17:44,182 :     return forward_call(*input, **kwargs)
2024-09-04 15:17:44,182 :   File "D:\Projects\Pycharm\WBML_update(1)\venv\lib\site-packages\torch\nn\modules\container.py", line 204, in forward
2024-09-04 15:17:44,182 :     input = module(input)
2024-09-04 15:17:44,182 :   File "D:\Projects\Pycharm\WBML_update(1)\venv\lib\site-packages\torch\nn\modules\module.py", line 1190, in _call_impl
2024-09-04 15:17:44,182 :     return forward_call(*input, **kwargs)
2024-09-04 15:17:44,182 :   File "E:\TableNet\modules\parents\clustering_layer.py", line 85, in forward
2024-09-04 15:17:44,182 :     out = self._whitebox_forward(input)
2024-09-04 15:17:44,182 :   File "E:\TableNet\modules\white_conv_groups.py", line 25, in _whitebox_forward
2024-09-04 15:17:44,182 :     p = self.nearest_value(0, self.previous_codebook[in_ch][1])
2024-09-04 15:17:44,182 :   File "D:\Projects\Pycharm\WBML_update(1)\venv\lib\site-packages\torch\nn\modules\module.py", line 1265, in __getattr__
2024-09-04 15:17:44,183 :     raise AttributeError("'{}' object has no attribute '{}'".format(
2024-09-04 15:17:44,183 : AttributeError: 'WhiteConv2Groups' object has no attribute 'nearest_value'
2024-09-04 15:19:49,554 : MobileNetV1(
2024-09-04 15:19:49,554 :   (model): WhiteSequential(
2024-09-04 15:19:49,554 :     (0): WhiteSequential(
2024-09-04 15:19:49,554 :       (0): WhiteConv2(3, 32, kernel_size=(3, 3), stride=(2, 2), padding=(1, 1), padding_mode=replicate)
2024-09-04 15:19:49,554 :       (1): WhiteBatchNorm2d(32, eps=1e-05, momentum=0.1, affine=True, track_running_stats=True)
2024-09-04 15:19:49,554 :     )
2024-09-04 15:19:49,554 :     (1): WhiteSequential(
2024-09-04 15:19:49,554 :       (0): WhiteConv2Groups(32, 32, kernel_size=(3, 3), stride=(1, 1), padding=(1, 1), groups=32, bias=False)
2024-09-04 15:19:49,554 :       (1): WhiteBatchNorm2d(32, eps=1e-05, momentum=0.1, affine=True, track_running_stats=True)
2024-09-04 15:19:49,554 :       (2): WhiteConv2(32, 64, kernel_size=(1, 1), stride=(1, 1), bias=False, padding_mode=replicate)
2024-09-04 15:19:49,554 :       (3): WhiteBatchNorm2d(64, eps=1e-05, momentum=0.1, affine=True, track_running_stats=True)
2024-09-04 15:19:49,554 :     )
2024-09-04 15:19:49,554 :     (2): WhiteSequential(
2024-09-04 15:19:49,554 :       (0): WhiteConv2Groups(64, 64, kernel_size=(3, 3), stride=(2, 2), padding=(1, 1), groups=64, bias=False)
2024-09-04 15:19:49,554 :       (1): WhiteBatchNorm2d(64, eps=1e-05, momentum=0.1, affine=True, track_running_stats=True)
2024-09-04 15:19:49,554 :       (2): WhiteConv2(64, 128, kernel_size=(1, 1), stride=(1, 1), bias=False, padding_mode=replicate)
2024-09-04 15:19:49,554 :       (3): WhiteBatchNorm2d(128, eps=1e-05, momentum=0.1, affine=True, track_running_stats=True)
2024-09-04 15:19:49,554 :     )
2024-09-04 15:19:49,554 :     (3): WhiteSequential(
2024-09-04 15:19:49,554 :       (0): WhiteConv2Groups(128, 128, kernel_size=(3, 3), stride=(1, 1), padding=(1, 1), groups=128, bias=False)
2024-09-04 15:19:49,554 :       (1): WhiteBatchNorm2d(128, eps=1e-05, momentum=0.1, affine=True, track_running_stats=True)
2024-09-04 15:19:49,554 :       (2): WhiteConv2(128, 128, kernel_size=(1, 1), stride=(1, 1), bias=False, padding_mode=replicate)
2024-09-04 15:19:49,554 :       (3): WhiteBatchNorm2d(128, eps=1e-05, momentum=0.1, affine=True, track_running_stats=True)
2024-09-04 15:19:49,556 :     )
2024-09-04 15:19:49,556 :     (4): WhiteSequential(
2024-09-04 15:19:49,556 :       (0): WhiteConv2Groups(128, 128, kernel_size=(3, 3), stride=(2, 2), padding=(1, 1), groups=128, bias=False)
2024-09-04 15:19:49,556 :       (1): WhiteBatchNorm2d(128, eps=1e-05, momentum=0.1, affine=True, track_running_stats=True)
2024-09-04 15:19:49,556 :       (2): WhiteConv2(128, 256, kernel_size=(1, 1), stride=(1, 1), bias=False, padding_mode=replicate)
2024-09-04 15:19:49,556 :       (3): WhiteBatchNorm2d(256, eps=1e-05, momentum=0.1, affine=True, track_running_stats=True)
2024-09-04 15:19:49,556 :     )
2024-09-04 15:19:49,556 :     (5): WhiteSequential(
2024-09-04 15:19:49,556 :       (0): WhiteConv2Groups(256, 256, kernel_size=(3, 3), stride=(1, 1), padding=(1, 1), groups=256, bias=False)
2024-09-04 15:19:49,556 :       (1): WhiteBatchNorm2d(256, eps=1e-05, momentum=0.1, affine=True, track_running_stats=True)
2024-09-04 15:19:49,556 :       (2): WhiteConv2(256, 256, kernel_size=(1, 1), stride=(1, 1), bias=False, padding_mode=replicate)
2024-09-04 15:19:49,556 :       (3): WhiteBatchNorm2d(256, eps=1e-05, momentum=0.1, affine=True, track_running_stats=True)
2024-09-04 15:19:49,556 :     )
2024-09-04 15:19:49,556 :     (6): WhiteSequential(
2024-09-04 15:19:49,556 :       (0): WhiteConv2Groups(256, 256, kernel_size=(3, 3), stride=(2, 2), padding=(1, 1), groups=256, bias=False)
2024-09-04 15:19:49,556 :       (1): WhiteBatchNorm2d(256, eps=1e-05, momentum=0.1, affine=True, track_running_stats=True)
2024-09-04 15:19:49,556 :       (2): WhiteConv2(256, 512, kernel_size=(1, 1), stride=(1, 1), bias=False, padding_mode=replicate)
2024-09-04 15:19:49,556 :       (3): WhiteBatchNorm2d(512, eps=1e-05, momentum=0.1, affine=True, track_running_stats=True)
2024-09-04 15:19:49,556 :     )
2024-09-04 15:19:49,556 :     (7): WhiteSequential(
2024-09-04 15:19:49,556 :       (0): WhiteConv2Groups(512, 512, kernel_size=(3, 3), stride=(1, 1), padding=(1, 1), groups=512, bias=False)
2024-09-04 15:19:49,556 :       (1): WhiteBatchNorm2d(512, eps=1e-05, momentum=0.1, affine=True, track_running_stats=True)
2024-09-04 15:19:49,556 :       (2): WhiteConv2(512, 512, kernel_size=(1, 1), stride=(1, 1), bias=False, padding_mode=replicate)
2024-09-04 15:19:49,556 :       (3): WhiteBatchNorm2d(512, eps=1e-05, momentum=0.1, affine=True, track_running_stats=True)
2024-09-04 15:19:49,556 :     )
2024-09-04 15:19:49,556 :     (8): WhiteSequential(
2024-09-04 15:19:49,556 :       (0): WhiteConv2Groups(512, 512, kernel_size=(3, 3), stride=(1, 1), padding=(1, 1), groups=512, bias=False)
2024-09-04 15:19:49,556 :       (1): WhiteBatchNorm2d(512, eps=1e-05, momentum=0.1, affine=True, track_running_stats=True)
2024-09-04 15:19:49,556 :       (2): WhiteConv2(512, 512, kernel_size=(1, 1), stride=(1, 1), bias=False, padding_mode=replicate)
2024-09-04 15:19:49,556 :       (3): WhiteBatchNorm2d(512, eps=1e-05, momentum=0.1, affine=True, track_running_stats=True)
2024-09-04 15:19:49,556 :     )
2024-09-04 15:19:49,556 :     (9): WhiteSequential(
2024-09-04 15:19:49,556 :       (0): WhiteConv2Groups(512, 512, kernel_size=(3, 3), stride=(1, 1), padding=(1, 1), groups=512, bias=False)
2024-09-04 15:19:49,556 :       (1): WhiteBatchNorm2d(512, eps=1e-05, momentum=0.1, affine=True, track_running_stats=True)
2024-09-04 15:19:49,556 :       (2): WhiteConv2(512, 512, kernel_size=(1, 1), stride=(1, 1), bias=False, padding_mode=replicate)
2024-09-04 15:19:49,556 :       (3): WhiteBatchNorm2d(512, eps=1e-05, momentum=0.1, affine=True, track_running_stats=True)
2024-09-04 15:19:49,556 :     )
2024-09-04 15:19:49,557 :     (10): WhiteSequential(
2024-09-04 15:19:49,557 :       (0): WhiteConv2Groups(512, 512, kernel_size=(3, 3), stride=(1, 1), padding=(1, 1), groups=512, bias=False)
2024-09-04 15:19:49,557 :       (1): WhiteBatchNorm2d(512, eps=1e-05, momentum=0.1, affine=True, track_running_stats=True)
2024-09-04 15:19:49,557 :       (2): WhiteConv2(512, 512, kernel_size=(1, 1), stride=(1, 1), bias=False, padding_mode=replicate)
2024-09-04 15:19:49,557 :       (3): WhiteBatchNorm2d(512, eps=1e-05, momentum=0.1, affine=True, track_running_stats=True)
2024-09-04 15:19:49,557 :     )
2024-09-04 15:19:49,557 :     (11): WhiteSequential(
2024-09-04 15:19:49,557 :       (0): WhiteConv2Groups(512, 512, kernel_size=(3, 3), stride=(1, 1), padding=(1, 1), groups=512, bias=False)
2024-09-04 15:19:49,557 :       (1): WhiteBatchNorm2d(512, eps=1e-05, momentum=0.1, affine=True, track_running_stats=True)
2024-09-04 15:19:49,557 :       (2): WhiteConv2(512, 512, kernel_size=(1, 1), stride=(1, 1), bias=False, padding_mode=replicate)
2024-09-04 15:19:49,557 :       (3): WhiteBatchNorm2d(512, eps=1e-05, momentum=0.1, affine=True, track_running_stats=True)
2024-09-04 15:19:49,557 :     )
2024-09-04 15:19:49,557 :     (12): WhiteSequential(
2024-09-04 15:19:49,557 :       (0): WhiteConv2Groups(512, 512, kernel_size=(3, 3), stride=(2, 2), padding=(1, 1), groups=512, bias=False)
2024-09-04 15:19:49,557 :       (1): WhiteBatchNorm2d(512, eps=1e-05, momentum=0.1, affine=True, track_running_stats=True)
2024-09-04 15:19:49,557 :       (2): WhiteConv2(512, 1024, kernel_size=(1, 1), stride=(1, 1), bias=False, padding_mode=replicate)
2024-09-04 15:19:49,557 :       (3): WhiteBatchNorm2d(1024, eps=1e-05, momentum=0.1, affine=True, track_running_stats=True)
2024-09-04 15:19:49,557 :     )
2024-09-04 15:19:49,557 :     (13): WhiteSequential(
2024-09-04 15:19:49,557 :       (0): WhiteConv2Groups(1024, 1024, kernel_size=(3, 3), stride=(1, 1), padding=(1, 1), groups=1024, bias=False)
2024-09-04 15:19:49,557 :       (1): WhiteBatchNorm2d(1024, eps=1e-05, momentum=0.1, affine=True, track_running_stats=True)
2024-09-04 15:19:49,557 :       (2): WhiteConv2(1024, 1024, kernel_size=(1, 1), stride=(1, 1), bias=False, padding_mode=replicate)
2024-09-04 15:19:49,557 :       (3): WhiteBatchNorm2d(1024, eps=1e-05, momentum=0.1, affine=True, track_running_stats=True)
2024-09-04 15:19:49,557 :     )
2024-09-04 15:19:49,557 :     (14): WhitePool()
2024-09-04 15:19:49,557 :   )
2024-09-04 15:19:49,557 :   (fc): WhiteMiniLinear(in_features=1024, out_features=1000, bias=True)
2024-09-04 15:19:49,557 : )
2024-09-04 15:19:49,748 : ==============================1-model.0.0 load==============================
2024-09-04 15:19:49,749 : ==============================2-model.0.1 load==============================
2024-09-04 15:19:49,764 : ==============================3-model.1.0 load==============================
2024-09-04 15:19:49,765 : ==============================4-model.1.1 load==============================
2024-09-04 15:19:49,868 : ==============================5-model.1.2 load==============================
2024-09-04 15:19:49,869 : ==============================6-model.1.3 load==============================
2024-09-04 15:19:49,900 : ==============================7-model.2.0 load==============================
2024-09-04 15:19:49,901 : ==============================8-model.2.1 load==============================
2024-09-04 15:19:50,217 : ==============================9-model.2.2 load==============================
2024-09-04 15:19:50,218 : ==============================10-model.2.3 load==============================
2024-09-04 15:19:50,274 : ==============================11-model.3.0 load==============================
2024-09-04 15:19:50,275 : ==============================12-model.3.1 load==============================
2024-09-04 15:19:50,700 : ==============================13-model.3.2 load==============================
2024-09-04 15:19:50,703 : ==============================14-model.3.3 load==============================
2024-09-04 15:19:50,761 : ==============================15-model.4.0 load==============================
2024-09-04 15:19:50,762 : ==============================16-model.4.1 load==============================
2024-09-04 15:19:51,368 : ==============================17-model.4.2 load==============================
2024-09-04 15:19:51,370 : ==============================18-model.4.3 load==============================
2024-09-04 15:19:51,480 : ==============================19-model.5.0 load==============================
2024-09-04 15:19:51,482 : ==============================20-model.5.1 load==============================
2024-09-04 15:19:52,326 : ==============================21-model.5.2 load==============================
2024-09-04 15:19:52,328 : ==============================22-model.5.3 load==============================
2024-09-04 15:19:52,441 : ==============================23-model.6.0 load==============================
2024-09-04 15:19:52,442 : ==============================24-model.6.1 load==============================
2024-09-04 15:19:53,668 : ==============================25-model.6.2 load==============================
2024-09-04 15:19:53,671 : ==============================26-model.6.3 load==============================
2024-09-04 15:19:53,893 : ==============================27-model.7.0 load==============================
2024-09-04 15:19:53,896 : ==============================28-model.7.1 load==============================
2024-09-04 15:19:55,540 : ==============================29-model.7.2 load==============================
2024-09-04 15:19:55,542 : ==============================30-model.7.3 load==============================
2024-09-04 15:19:55,769 : ==============================31-model.8.0 load==============================
2024-09-04 15:19:55,771 : ==============================32-model.8.1 load==============================
2024-09-04 15:19:57,542 : ==============================33-model.8.2 load==============================
2024-09-04 15:19:57,544 : ==============================34-model.8.3 load==============================
2024-09-04 15:19:57,784 : ==============================35-model.9.0 load==============================
2024-09-04 15:19:57,787 : ==============================36-model.9.1 load==============================
2024-09-04 15:19:59,518 : ==============================37-model.9.2 load==============================
2024-09-04 15:19:59,521 : ==============================38-model.9.3 load==============================
2024-09-04 15:19:59,757 : ==============================39-model.10.0 load==============================
2024-09-04 15:19:59,760 : ==============================40-model.10.1 load==============================
2024-09-04 15:20:01,513 : ==============================41-model.10.2 load==============================
2024-09-04 15:20:01,516 : ==============================42-model.10.3 load==============================
2024-09-04 15:20:01,759 : ==============================43-model.11.0 load==============================
2024-09-04 15:20:01,761 : ==============================44-model.11.1 load==============================
2024-09-04 15:20:03,586 : ==============================45-model.11.2 load==============================
2024-09-04 15:20:03,589 : ==============================46-model.11.3 load==============================
2024-09-04 15:20:03,847 : ==============================47-model.12.0 load==============================
2024-09-04 15:20:03,849 : ==============================48-model.12.1 load==============================
2024-09-04 15:20:06,693 : ==============================49-model.12.2 load==============================
2024-09-04 15:20:06,698 : ==============================50-model.12.3 load==============================
2024-09-04 15:20:07,185 : ==============================51-model.13.0 load==============================
2024-09-04 15:20:07,189 : ==============================52-model.13.1 load==============================
2024-09-04 15:20:10,806 : ==============================53-model.13.2 load==============================
2024-09-04 15:20:10,810 : ==============================54-model.13.3 load==============================
2024-09-04 15:20:13,710 : ==============================55-model.14 load==============================
2024-09-04 15:20:15,171 : ==============================56-fc load==============================
2024-09-04 15:20:30,582 : 0 200 Acc: 80.000%
2024-09-04 15:20:45,957 : 1 200 Acc: 60.000%
2024-09-04 15:21:01,854 : 2 200 Acc: 63.333%
2024-09-04 15:21:17,291 : 3 200 Acc: 67.500%
2024-09-04 15:21:32,717 : 4 200 Acc: 68.000%
2024-09-04 15:21:55,029 : 5 200 Acc: 65.000%
2024-09-04 15:22:23,659 : 6 200 Acc: 65.714%
2024-09-04 15:22:52,254 : 7 200 Acc: 66.250%
2024-09-04 15:23:20,747 : 8 200 Acc: 63.333%
2024-09-04 15:23:47,508 : 9 200 Acc: 63.000%
2024-09-04 15:24:14,649 : 10 200 Acc: 63.636%
2024-09-04 15:24:40,513 : 11 200 Acc: 63.333%
2024-09-04 15:25:06,792 : 12 200 Acc: 62.308%
2024-09-04 15:25:33,044 : 13 200 Acc: 62.143%
2024-09-04 15:26:02,685 : 14 200 Acc: 60.667%
2024-09-04 15:26:18,938 : 15 200 Acc: 62.500%
2024-09-04 15:26:30,899 : Traceback (most recent call last):
2024-09-04 15:26:30,900 :   File "E:\TableNet\generateWhitebox.py", line 172, in <module>
2024-09-04 15:26:30,900 :     net.test_whitebox(save_path, train_set, test_set, test_batch_size, clustering_batch_size, white_bit, input_format)
2024-09-04 15:26:30,900 :   File "E:\TableNet\modules\white_net.py", line 85, in test_whitebox
2024-09-04 15:26:30,900 :     self.test_once(test_loader)
2024-09-04 15:26:30,900 :   File "E:\TableNet\modules\white_net.py", line 26, in test_once
2024-09-04 15:26:30,900 :     outputs = self(inputs)
2024-09-04 15:26:30,900 :   File "D:\Projects\Pycharm\WBML_update(1)\venv\lib\site-packages\torch\nn\modules\module.py", line 1190, in _call_impl
2024-09-04 15:26:30,901 :     return forward_call(*input, **kwargs)
2024-09-04 15:26:30,901 :   File "E:\TableNet\net\mobilenet.py", line 62, in forward
2024-09-04 15:26:30,901 :   File "D:\Projects\Pycharm\WBML_update(1)\venv\lib\site-packages\torch\nn\modules\module.py", line 1190, in _call_impl
2024-09-04 15:26:30,901 :     return forward_call(*input, **kwargs)
2024-09-04 15:26:30,901 :   File "D:\Projects\Pycharm\WBML_update(1)\venv\lib\site-packages\torch\nn\modules\container.py", line 204, in forward
2024-09-04 15:26:30,901 :     input = module(input)
2024-09-04 15:26:30,901 :   File "D:\Projects\Pycharm\WBML_update(1)\venv\lib\site-packages\torch\nn\modules\module.py", line 1190, in _call_impl
2024-09-04 15:26:30,902 :     return forward_call(*input, **kwargs)
2024-09-04 15:26:30,902 :   File "D:\Projects\Pycharm\WBML_update(1)\venv\lib\site-packages\torch\nn\modules\container.py", line 204, in forward
2024-09-04 15:26:30,902 :     input = module(input)
2024-09-04 15:26:30,902 :   File "D:\Projects\Pycharm\WBML_update(1)\venv\lib\site-packages\torch\nn\modules\module.py", line 1190, in _call_impl
2024-09-04 15:26:30,902 :     return forward_call(*input, **kwargs)
2024-09-04 15:26:30,902 :   File "E:\TableNet\modules\parents\clustering_layer.py", line 88, in forward
2024-09-04 15:26:30,902 :     out = self._whitebox_forward(input)
2024-09-04 15:26:30,902 :   File "E:\TableNet\modules\white_conv.py", line 69, in _whitebox_forward
2024-09-04 15:26:30,902 :     out[:, out_ch] = table[out[:, out_ch], input_arr[:, in_ch, i: i + step: stride, j: j + step: stride]]
2024-09-04 15:26:30,902 : KeyboardInterrupt
