2024-09-04 15:10:17,898 : WhiteResNet50(
2024-09-04 15:10:17,898 :   (conv1): WhiteConv2(3, 64, kernel_size=(7, 7), stride=(2, 2), padding=(3, 3), bias=False, padding_mode=replicate)
2024-09-04 15:10:17,898 :   (bn1): WhiteBatchNorm2d(64, eps=1e-05, momentum=0.1, affine=True, track_running_stats=True)
2024-09-04 15:10:17,898 :   (maxpool): WhiteMaxPool()
2024-09-04 15:10:17,898 :   (layer1): WhiteSequential(
2024-09-04 15:10:17,898 :     (0): WhiteBottleneck(
2024-09-04 15:10:17,898 :       (conv1): WhiteConv2(64, 64, kernel_size=(1, 1), stride=(1, 1), bias=False, padding_mode=replicate)
2024-09-04 15:10:17,908 :       (bn1): WhiteBatchNorm2d(64, eps=1e-05, momentum=0.1, affine=True, track_running_stats=True)
2024-09-04 15:10:17,908 :       (conv2): WhiteConv2(64, 64, kernel_size=(3, 3), stride=(1, 1), padding=(1, 1), bias=False, padding_mode=replicate)
2024-09-04 15:10:17,908 :       (bn2): WhiteBatchNorm2d(64, eps=1e-05, momentum=0.1, affine=True, track_running_stats=True)
2024-09-04 15:10:17,908 :       (conv3): WhiteConv2(64, 256, kernel_size=(1, 1), stride=(1, 1), bias=False, padding_mode=replicate)
2024-09-04 15:10:17,908 :       (bn3): WhiteBatchNorm2d(256, eps=1e-05, momentum=0.1, affine=True, track_running_stats=True)
2024-09-04 15:10:17,908 :       (downsample): WhiteSequential(
2024-09-04 15:10:17,908 :         (0): WhiteConv2(64, 256, kernel_size=(1, 1), stride=(1, 1), bias=False, padding_mode=replicate)
2024-09-04 15:10:17,908 :         (1): WhiteBatchNorm2d(256, eps=1e-05, momentum=0.1, affine=True, track_running_stats=True)
2024-09-04 15:10:17,908 :       )
2024-09-04 15:10:17,908 :       (add): WhiteAdd()
2024-09-04 15:10:17,908 :     )
2024-09-04 15:10:17,908 :     (1): WhiteBottleneck(
2024-09-04 15:10:17,908 :       (conv1): WhiteConv2(256, 64, kernel_size=(1, 1), stride=(1, 1), bias=False, padding_mode=replicate)
2024-09-04 15:10:17,908 :       (bn1): WhiteBatchNorm2d(64, eps=1e-05, momentum=0.1, affine=True, track_running_stats=True)
2024-09-04 15:10:17,908 :       (conv2): WhiteConv2(64, 64, kernel_size=(3, 3), stride=(1, 1), padding=(1, 1), bias=False, padding_mode=replicate)
2024-09-04 15:10:17,908 :       (bn2): WhiteBatchNorm2d(64, eps=1e-05, momentum=0.1, affine=True, track_running_stats=True)
2024-09-04 15:10:17,908 :       (conv3): WhiteConv2(64, 256, kernel_size=(1, 1), stride=(1, 1), bias=False, padding_mode=replicate)
2024-09-04 15:10:17,908 :       (bn3): WhiteBatchNorm2d(256, eps=1e-05, momentum=0.1, affine=True, track_running_stats=True)
2024-09-04 15:10:17,908 :       (add): WhiteAdd()
2024-09-04 15:10:17,908 :     )
2024-09-04 15:10:17,908 :     (2): WhiteBottleneck(
2024-09-04 15:10:17,908 :       (conv1): WhiteConv2(256, 64, kernel_size=(1, 1), stride=(1, 1), bias=False, padding_mode=replicate)
2024-09-04 15:10:17,908 :       (bn1): WhiteBatchNorm2d(64, eps=1e-05, momentum=0.1, affine=True, track_running_stats=True)
2024-09-04 15:10:17,908 :       (conv2): WhiteConv2(64, 64, kernel_size=(3, 3), stride=(1, 1), padding=(1, 1), bias=False, padding_mode=replicate)
2024-09-04 15:10:17,908 :       (bn2): WhiteBatchNorm2d(64, eps=1e-05, momentum=0.1, affine=True, track_running_stats=True)
2024-09-04 15:10:17,908 :       (conv3): WhiteConv2(64, 256, kernel_size=(1, 1), stride=(1, 1), bias=False, padding_mode=replicate)
2024-09-04 15:10:17,908 :       (bn3): WhiteBatchNorm2d(256, eps=1e-05, momentum=0.1, affine=True, track_running_stats=True)
2024-09-04 15:10:17,908 :       (add): WhiteAdd()
2024-09-04 15:10:17,908 :     )
2024-09-04 15:10:17,908 :   )
2024-09-04 15:10:17,908 :   (layer2): WhiteSequential(
2024-09-04 15:10:17,908 :     (0): WhiteBottleneck(
2024-09-04 15:10:17,910 :       (conv1): WhiteConv2(256, 128, kernel_size=(1, 1), stride=(1, 1), bias=False, padding_mode=replicate)
2024-09-04 15:10:17,910 :       (bn1): WhiteBatchNorm2d(128, eps=1e-05, momentum=0.1, affine=True, track_running_stats=True)
2024-09-04 15:10:17,910 :       (conv2): WhiteConv2(128, 128, kernel_size=(3, 3), stride=(2, 2), padding=(1, 1), bias=False, padding_mode=replicate)
2024-09-04 15:10:17,910 :       (bn2): WhiteBatchNorm2d(128, eps=1e-05, momentum=0.1, affine=True, track_running_stats=True)
2024-09-04 15:10:17,910 :       (conv3): WhiteConv2(128, 512, kernel_size=(1, 1), stride=(1, 1), bias=False, padding_mode=replicate)
2024-09-04 15:10:17,910 :       (bn3): WhiteBatchNorm2d(512, eps=1e-05, momentum=0.1, affine=True, track_running_stats=True)
2024-09-04 15:10:17,910 :       (downsample): WhiteSequential(
2024-09-04 15:10:17,910 :         (0): WhiteConv2(256, 512, kernel_size=(1, 1), stride=(2, 2), bias=False, padding_mode=replicate)
2024-09-04 15:10:17,910 :         (1): WhiteBatchNorm2d(512, eps=1e-05, momentum=0.1, affine=True, track_running_stats=True)
2024-09-04 15:10:17,914 :       )
2024-09-04 15:10:17,914 :       (add): WhiteAdd()
2024-09-04 15:10:17,914 :     )
2024-09-04 15:10:17,914 :     (1): WhiteBottleneck(
2024-09-04 15:10:17,914 :       (conv1): WhiteConv2(512, 128, kernel_size=(1, 1), stride=(1, 1), bias=False, padding_mode=replicate)
2024-09-04 15:10:17,914 :       (bn1): WhiteBatchNorm2d(128, eps=1e-05, momentum=0.1, affine=True, track_running_stats=True)
2024-09-04 15:10:17,914 :       (conv2): WhiteConv2(128, 128, kernel_size=(3, 3), stride=(1, 1), padding=(1, 1), bias=False, padding_mode=replicate)
2024-09-04 15:10:17,914 :       (bn2): WhiteBatchNorm2d(128, eps=1e-05, momentum=0.1, affine=True, track_running_stats=True)
2024-09-04 15:10:17,914 :       (conv3): WhiteConv2(128, 512, kernel_size=(1, 1), stride=(1, 1), bias=False, padding_mode=replicate)
2024-09-04 15:10:17,914 :       (bn3): WhiteBatchNorm2d(512, eps=1e-05, momentum=0.1, affine=True, track_running_stats=True)
2024-09-04 15:10:17,914 :       (add): WhiteAdd()
2024-09-04 15:10:17,914 :     )
2024-09-04 15:10:17,914 :     (2): WhiteBottleneck(
2024-09-04 15:10:17,914 :       (conv1): WhiteConv2(512, 128, kernel_size=(1, 1), stride=(1, 1), bias=False, padding_mode=replicate)
2024-09-04 15:10:17,914 :       (bn1): WhiteBatchNorm2d(128, eps=1e-05, momentum=0.1, affine=True, track_running_stats=True)
2024-09-04 15:10:17,914 :       (conv2): WhiteConv2(128, 128, kernel_size=(3, 3), stride=(1, 1), padding=(1, 1), bias=False, padding_mode=replicate)
2024-09-04 15:10:17,914 :       (bn2): WhiteBatchNorm2d(128, eps=1e-05, momentum=0.1, affine=True, track_running_stats=True)
2024-09-04 15:10:17,914 :       (conv3): WhiteConv2(128, 512, kernel_size=(1, 1), stride=(1, 1), bias=False, padding_mode=replicate)
2024-09-04 15:10:17,914 :       (bn3): WhiteBatchNorm2d(512, eps=1e-05, momentum=0.1, affine=True, track_running_stats=True)
2024-09-04 15:10:17,914 :       (add): WhiteAdd()
2024-09-04 15:10:17,915 :     )
2024-09-04 15:10:17,915 :     (3): WhiteBottleneck(
2024-09-04 15:10:17,915 :       (conv1): WhiteConv2(512, 128, kernel_size=(1, 1), stride=(1, 1), bias=False, padding_mode=replicate)
2024-09-04 15:10:17,915 :       (bn1): WhiteBatchNorm2d(128, eps=1e-05, momentum=0.1, affine=True, track_running_stats=True)
2024-09-04 15:10:17,915 :       (conv2): WhiteConv2(128, 128, kernel_size=(3, 3), stride=(1, 1), padding=(1, 1), bias=False, padding_mode=replicate)
2024-09-04 15:10:17,915 :       (bn2): WhiteBatchNorm2d(128, eps=1e-05, momentum=0.1, affine=True, track_running_stats=True)
2024-09-04 15:10:17,915 :       (conv3): WhiteConv2(128, 512, kernel_size=(1, 1), stride=(1, 1), bias=False, padding_mode=replicate)
2024-09-04 15:10:17,915 :       (bn3): WhiteBatchNorm2d(512, eps=1e-05, momentum=0.1, affine=True, track_running_stats=True)
2024-09-04 15:10:17,915 :       (add): WhiteAdd()
2024-09-04 15:10:17,915 :     )
2024-09-04 15:10:17,915 :   )
2024-09-04 15:10:17,915 :   (layer3): WhiteSequential(
2024-09-04 15:10:17,915 :     (0): WhiteBottleneck(
2024-09-04 15:10:17,915 :       (conv1): WhiteConv2(512, 256, kernel_size=(1, 1), stride=(1, 1), bias=False, padding_mode=replicate)
2024-09-04 15:10:17,915 :       (bn1): WhiteBatchNorm2d(256, eps=1e-05, momentum=0.1, affine=True, track_running_stats=True)
2024-09-04 15:10:17,915 :       (conv2): WhiteConv2(256, 256, kernel_size=(3, 3), stride=(2, 2), padding=(1, 1), bias=False, padding_mode=replicate)
2024-09-04 15:10:17,915 :       (bn2): WhiteBatchNorm2d(256, eps=1e-05, momentum=0.1, affine=True, track_running_stats=True)
2024-09-04 15:10:17,915 :       (conv3): WhiteConv2(256, 1024, kernel_size=(1, 1), stride=(1, 1), bias=False, padding_mode=replicate)
2024-09-04 15:10:17,915 :       (bn3): WhiteBatchNorm2d(1024, eps=1e-05, momentum=0.1, affine=True, track_running_stats=True)
2024-09-04 15:10:17,915 :       (downsample): WhiteSequential(
2024-09-04 15:10:17,915 :         (0): WhiteConv2(512, 1024, kernel_size=(1, 1), stride=(2, 2), bias=False, padding_mode=replicate)
2024-09-04 15:10:17,915 :         (1): WhiteBatchNorm2d(1024, eps=1e-05, momentum=0.1, affine=True, track_running_stats=True)
2024-09-04 15:10:17,916 :       )
2024-09-04 15:10:17,916 :       (add): WhiteAdd()
2024-09-04 15:10:17,916 :     )
2024-09-04 15:10:17,916 :     (1): WhiteBottleneck(
2024-09-04 15:10:17,916 :       (conv1): WhiteConv2(1024, 256, kernel_size=(1, 1), stride=(1, 1), bias=False, padding_mode=replicate)
2024-09-04 15:10:17,916 :       (bn1): WhiteBatchNorm2d(256, eps=1e-05, momentum=0.1, affine=True, track_running_stats=True)
2024-09-04 15:10:17,916 :       (conv2): WhiteConv2(256, 256, kernel_size=(3, 3), stride=(1, 1), padding=(1, 1), bias=False, padding_mode=replicate)
2024-09-04 15:10:17,916 :       (bn2): WhiteBatchNorm2d(256, eps=1e-05, momentum=0.1, affine=True, track_running_stats=True)
2024-09-04 15:10:17,916 :       (conv3): WhiteConv2(256, 1024, kernel_size=(1, 1), stride=(1, 1), bias=False, padding_mode=replicate)
2024-09-04 15:10:17,916 :       (bn3): WhiteBatchNorm2d(1024, eps=1e-05, momentum=0.1, affine=True, track_running_stats=True)
2024-09-04 15:10:17,916 :       (add): WhiteAdd()
2024-09-04 15:10:17,916 :     )
2024-09-04 15:10:17,916 :     (2): WhiteBottleneck(
2024-09-04 15:10:17,916 :       (conv1): WhiteConv2(1024, 256, kernel_size=(1, 1), stride=(1, 1), bias=False, padding_mode=replicate)
2024-09-04 15:10:17,916 :       (bn1): WhiteBatchNorm2d(256, eps=1e-05, momentum=0.1, affine=True, track_running_stats=True)
2024-09-04 15:10:17,916 :       (conv2): WhiteConv2(256, 256, kernel_size=(3, 3), stride=(1, 1), padding=(1, 1), bias=False, padding_mode=replicate)
2024-09-04 15:10:17,916 :       (bn2): WhiteBatchNorm2d(256, eps=1e-05, momentum=0.1, affine=True, track_running_stats=True)
2024-09-04 15:10:17,916 :       (conv3): WhiteConv2(256, 1024, kernel_size=(1, 1), stride=(1, 1), bias=False, padding_mode=replicate)
2024-09-04 15:10:17,916 :       (bn3): WhiteBatchNorm2d(1024, eps=1e-05, momentum=0.1, affine=True, track_running_stats=True)
2024-09-04 15:10:17,916 :       (add): WhiteAdd()
2024-09-04 15:10:17,916 :     )
2024-09-04 15:10:17,916 :     (3): WhiteBottleneck(
2024-09-04 15:10:17,916 :       (conv1): WhiteConv2(1024, 256, kernel_size=(1, 1), stride=(1, 1), bias=False, padding_mode=replicate)
2024-09-04 15:10:17,916 :       (bn1): WhiteBatchNorm2d(256, eps=1e-05, momentum=0.1, affine=True, track_running_stats=True)
2024-09-04 15:10:17,916 :       (conv2): WhiteConv2(256, 256, kernel_size=(3, 3), stride=(1, 1), padding=(1, 1), bias=False, padding_mode=replicate)
2024-09-04 15:10:17,916 :       (bn2): WhiteBatchNorm2d(256, eps=1e-05, momentum=0.1, affine=True, track_running_stats=True)
2024-09-04 15:10:17,917 :       (conv3): WhiteConv2(256, 1024, kernel_size=(1, 1), stride=(1, 1), bias=False, padding_mode=replicate)
2024-09-04 15:10:17,917 :       (bn3): WhiteBatchNorm2d(1024, eps=1e-05, momentum=0.1, affine=True, track_running_stats=True)
2024-09-04 15:10:17,917 :       (add): WhiteAdd()
2024-09-04 15:10:17,917 :     )
2024-09-04 15:10:17,917 :     (4): WhiteBottleneck(
2024-09-04 15:10:17,917 :       (conv1): WhiteConv2(1024, 256, kernel_size=(1, 1), stride=(1, 1), bias=False, padding_mode=replicate)
2024-09-04 15:10:17,917 :       (bn1): WhiteBatchNorm2d(256, eps=1e-05, momentum=0.1, affine=True, track_running_stats=True)
2024-09-04 15:10:17,917 :       (conv2): WhiteConv2(256, 256, kernel_size=(3, 3), stride=(1, 1), padding=(1, 1), bias=False, padding_mode=replicate)
2024-09-04 15:10:17,917 :       (bn2): WhiteBatchNorm2d(256, eps=1e-05, momentum=0.1, affine=True, track_running_stats=True)
2024-09-04 15:10:17,917 :       (conv3): WhiteConv2(256, 1024, kernel_size=(1, 1), stride=(1, 1), bias=False, padding_mode=replicate)
2024-09-04 15:10:17,917 :       (bn3): WhiteBatchNorm2d(1024, eps=1e-05, momentum=0.1, affine=True, track_running_stats=True)
2024-09-04 15:10:17,917 :       (add): WhiteAdd()
2024-09-04 15:10:17,917 :     )
2024-09-04 15:10:17,917 :     (5): WhiteBottleneck(
2024-09-04 15:10:17,917 :       (conv1): WhiteConv2(1024, 256, kernel_size=(1, 1), stride=(1, 1), bias=False, padding_mode=replicate)
2024-09-04 15:10:17,917 :       (bn1): WhiteBatchNorm2d(256, eps=1e-05, momentum=0.1, affine=True, track_running_stats=True)
2024-09-04 15:10:17,917 :       (conv2): WhiteConv2(256, 256, kernel_size=(3, 3), stride=(1, 1), padding=(1, 1), bias=False, padding_mode=replicate)
2024-09-04 15:10:17,917 :       (bn2): WhiteBatchNorm2d(256, eps=1e-05, momentum=0.1, affine=True, track_running_stats=True)
2024-09-04 15:10:17,917 :       (conv3): WhiteConv2(256, 1024, kernel_size=(1, 1), stride=(1, 1), bias=False, padding_mode=replicate)
2024-09-04 15:10:17,917 :       (bn3): WhiteBatchNorm2d(1024, eps=1e-05, momentum=0.1, affine=True, track_running_stats=True)
2024-09-04 15:10:17,917 :       (add): WhiteAdd()
2024-09-04 15:10:17,917 :     )
2024-09-04 15:10:17,917 :   )
2024-09-04 15:10:17,917 :   (layer4): WhiteSequential(
2024-09-04 15:10:17,917 :     (0): WhiteBottleneck(
2024-09-04 15:10:17,917 :       (conv1): WhiteConv2(1024, 512, kernel_size=(1, 1), stride=(1, 1), bias=False, padding_mode=replicate)
2024-09-04 15:10:17,917 :       (bn1): WhiteBatchNorm2d(512, eps=1e-05, momentum=0.1, affine=True, track_running_stats=True)
2024-09-04 15:10:17,917 :       (conv2): WhiteConv2(512, 512, kernel_size=(3, 3), stride=(2, 2), padding=(1, 1), bias=False, padding_mode=replicate)
2024-09-04 15:10:17,917 :       (bn2): WhiteBatchNorm2d(512, eps=1e-05, momentum=0.1, affine=True, track_running_stats=True)
2024-09-04 15:10:17,917 :       (conv3): WhiteConv2(512, 2048, kernel_size=(1, 1), stride=(1, 1), bias=False, padding_mode=replicate)
2024-09-04 15:10:17,918 :       (bn3): WhiteBatchNorm2d(2048, eps=1e-05, momentum=0.1, affine=True, track_running_stats=True)
2024-09-04 15:10:17,918 :       (downsample): WhiteSequential(
2024-09-04 15:10:17,918 :         (0): WhiteConv2(1024, 2048, kernel_size=(1, 1), stride=(2, 2), bias=False, padding_mode=replicate)
2024-09-04 15:10:17,918 :         (1): WhiteBatchNorm2d(2048, eps=1e-05, momentum=0.1, affine=True, track_running_stats=True)
2024-09-04 15:10:17,918 :       )
2024-09-04 15:10:17,918 :       (add): WhiteAdd()
2024-09-04 15:10:17,918 :     )
2024-09-04 15:10:17,918 :     (1): WhiteBottleneck(
2024-09-04 15:10:17,918 :       (conv1): WhiteConv2(2048, 512, kernel_size=(1, 1), stride=(1, 1), bias=False, padding_mode=replicate)
2024-09-04 15:10:17,918 :       (bn1): WhiteBatchNorm2d(512, eps=1e-05, momentum=0.1, affine=True, track_running_stats=True)
2024-09-04 15:10:17,918 :       (conv2): WhiteConv2(512, 512, kernel_size=(3, 3), stride=(1, 1), padding=(1, 1), bias=False, padding_mode=replicate)
2024-09-04 15:10:17,918 :       (bn2): WhiteBatchNorm2d(512, eps=1e-05, momentum=0.1, affine=True, track_running_stats=True)
2024-09-04 15:10:17,918 :       (conv3): WhiteConv2(512, 2048, kernel_size=(1, 1), stride=(1, 1), bias=False, padding_mode=replicate)
2024-09-04 15:10:17,918 :       (bn3): WhiteBatchNorm2d(2048, eps=1e-05, momentum=0.1, affine=True, track_running_stats=True)
2024-09-04 15:10:17,918 :       (add): WhiteAdd()
2024-09-04 15:10:17,918 :     )
2024-09-04 15:10:17,919 :     (2): WhiteBottleneck(
2024-09-04 15:10:17,919 :       (conv1): WhiteConv2(2048, 512, kernel_size=(1, 1), stride=(1, 1), bias=False, padding_mode=replicate)
2024-09-04 15:10:17,919 :       (bn1): WhiteBatchNorm2d(512, eps=1e-05, momentum=0.1, affine=True, track_running_stats=True)
2024-09-04 15:10:17,919 :       (conv2): WhiteConv2(512, 512, kernel_size=(3, 3), stride=(1, 1), padding=(1, 1), bias=False, padding_mode=replicate)
2024-09-04 15:10:17,919 :       (bn2): WhiteBatchNorm2d(512, eps=1e-05, momentum=0.1, affine=True, track_running_stats=True)
2024-09-04 15:10:17,919 :       (conv3): WhiteConv2(512, 2048, kernel_size=(1, 1), stride=(1, 1), bias=False, padding_mode=replicate)
2024-09-04 15:10:17,919 :       (bn3): WhiteBatchNorm2d(2048, eps=1e-05, momentum=0.1, affine=True, track_running_stats=True)
2024-09-04 15:10:17,919 :       (add): WhiteAdd()
2024-09-04 15:10:17,919 :     )
2024-09-04 15:10:17,919 :   )
2024-09-04 15:10:17,919 :   (avgpool): WhitePool()
2024-09-04 15:10:17,919 :   (fc): WhiteMiniLinear(in_features=2048, out_features=1000, bias=True)
2024-09-04 15:10:17,919 : )
2024-09-04 15:10:17,920 : Traceback (most recent call last):
2024-09-04 15:10:17,920 :   File "E:\TableNet\generateWhitebox.py", line 152, in <module>
2024-09-04 15:10:17,920 :     train_set = ImageFolder(root='./data/imagenet/train-5000', transform=transform_train)
2024-09-04 15:10:17,920 :   File "D:\Projects\Pycharm\WBML_update(1)\venv\lib\site-packages\torchvision\datasets\folder.py", line 309, in __init__
2024-09-04 15:10:17,927 :     super().__init__(
2024-09-04 15:10:17,927 :   File "D:\Projects\Pycharm\WBML_update(1)\venv\lib\site-packages\torchvision\datasets\folder.py", line 144, in __init__
2024-09-04 15:10:17,927 :     classes, class_to_idx = self.find_classes(self.root)
2024-09-04 15:10:17,927 :   File "D:\Projects\Pycharm\WBML_update(1)\venv\lib\site-packages\torchvision\datasets\folder.py", line 218, in find_classes
2024-09-04 15:10:17,928 :     return find_classes(directory)
2024-09-04 15:10:17,928 :   File "D:\Projects\Pycharm\WBML_update(1)\venv\lib\site-packages\torchvision\datasets\folder.py", line 40, in find_classes
2024-09-04 15:10:17,928 :     classes = sorted(entry.name for entry in os.scandir(directory) if entry.is_dir())
2024-09-04 15:10:17,928 : FileNotFoundError: [WinError 3] 系统找不到指定的路径。: './data/imagenet/train-5000'
2024-09-04 15:12:47,829 : WhiteResNet50(
2024-09-04 15:12:47,830 :   (conv1): WhiteConv2(3, 64, kernel_size=(7, 7), stride=(2, 2), padding=(3, 3), bias=False, padding_mode=replicate)
2024-09-04 15:12:47,830 :   (bn1): WhiteBatchNorm2d(64, eps=1e-05, momentum=0.1, affine=True, track_running_stats=True)
2024-09-04 15:12:47,830 :   (maxpool): WhiteMaxPool()
2024-09-04 15:12:47,830 :   (layer1): WhiteSequential(
2024-09-04 15:12:47,830 :     (0): WhiteBottleneck(
2024-09-04 15:12:47,830 :       (conv1): WhiteConv2(64, 64, kernel_size=(1, 1), stride=(1, 1), bias=False, padding_mode=replicate)
2024-09-04 15:12:47,830 :       (bn1): WhiteBatchNorm2d(64, eps=1e-05, momentum=0.1, affine=True, track_running_stats=True)
2024-09-04 15:12:47,830 :       (conv2): WhiteConv2(64, 64, kernel_size=(3, 3), stride=(1, 1), padding=(1, 1), bias=False, padding_mode=replicate)
2024-09-04 15:12:47,830 :       (bn2): WhiteBatchNorm2d(64, eps=1e-05, momentum=0.1, affine=True, track_running_stats=True)
2024-09-04 15:12:47,830 :       (conv3): WhiteConv2(64, 256, kernel_size=(1, 1), stride=(1, 1), bias=False, padding_mode=replicate)
2024-09-04 15:12:47,830 :       (bn3): WhiteBatchNorm2d(256, eps=1e-05, momentum=0.1, affine=True, track_running_stats=True)
2024-09-04 15:12:47,830 :       (downsample): WhiteSequential(
2024-09-04 15:12:47,830 :         (0): WhiteConv2(64, 256, kernel_size=(1, 1), stride=(1, 1), bias=False, padding_mode=replicate)
2024-09-04 15:12:47,830 :         (1): WhiteBatchNorm2d(256, eps=1e-05, momentum=0.1, affine=True, track_running_stats=True)
2024-09-04 15:12:47,830 :       )
2024-09-04 15:12:47,830 :       (add): WhiteAdd()
2024-09-04 15:12:47,830 :     )
2024-09-04 15:12:47,830 :     (1): WhiteBottleneck(
2024-09-04 15:12:47,830 :       (conv1): WhiteConv2(256, 64, kernel_size=(1, 1), stride=(1, 1), bias=False, padding_mode=replicate)
2024-09-04 15:12:47,830 :       (bn1): WhiteBatchNorm2d(64, eps=1e-05, momentum=0.1, affine=True, track_running_stats=True)
2024-09-04 15:12:47,830 :       (conv2): WhiteConv2(64, 64, kernel_size=(3, 3), stride=(1, 1), padding=(1, 1), bias=False, padding_mode=replicate)
2024-09-04 15:12:47,830 :       (bn2): WhiteBatchNorm2d(64, eps=1e-05, momentum=0.1, affine=True, track_running_stats=True)
2024-09-04 15:12:47,830 :       (conv3): WhiteConv2(64, 256, kernel_size=(1, 1), stride=(1, 1), bias=False, padding_mode=replicate)
2024-09-04 15:12:47,830 :       (bn3): WhiteBatchNorm2d(256, eps=1e-05, momentum=0.1, affine=True, track_running_stats=True)
2024-09-04 15:12:47,830 :       (add): WhiteAdd()
2024-09-04 15:12:47,830 :     )
2024-09-04 15:12:47,830 :     (2): WhiteBottleneck(
2024-09-04 15:12:47,830 :       (conv1): WhiteConv2(256, 64, kernel_size=(1, 1), stride=(1, 1), bias=False, padding_mode=replicate)
2024-09-04 15:12:47,830 :       (bn1): WhiteBatchNorm2d(64, eps=1e-05, momentum=0.1, affine=True, track_running_stats=True)
2024-09-04 15:12:47,830 :       (conv2): WhiteConv2(64, 64, kernel_size=(3, 3), stride=(1, 1), padding=(1, 1), bias=False, padding_mode=replicate)
2024-09-04 15:12:47,831 :       (bn2): WhiteBatchNorm2d(64, eps=1e-05, momentum=0.1, affine=True, track_running_stats=True)
2024-09-04 15:12:47,831 :       (conv3): WhiteConv2(64, 256, kernel_size=(1, 1), stride=(1, 1), bias=False, padding_mode=replicate)
2024-09-04 15:12:47,831 :       (bn3): WhiteBatchNorm2d(256, eps=1e-05, momentum=0.1, affine=True, track_running_stats=True)
2024-09-04 15:12:47,831 :       (add): WhiteAdd()
2024-09-04 15:12:47,831 :     )
2024-09-04 15:12:47,831 :   )
2024-09-04 15:12:47,831 :   (layer2): WhiteSequential(
2024-09-04 15:12:47,831 :     (0): WhiteBottleneck(
2024-09-04 15:12:47,831 :       (conv1): WhiteConv2(256, 128, kernel_size=(1, 1), stride=(1, 1), bias=False, padding_mode=replicate)
2024-09-04 15:12:47,831 :       (bn1): WhiteBatchNorm2d(128, eps=1e-05, momentum=0.1, affine=True, track_running_stats=True)
2024-09-04 15:12:47,831 :       (conv2): WhiteConv2(128, 128, kernel_size=(3, 3), stride=(2, 2), padding=(1, 1), bias=False, padding_mode=replicate)
2024-09-04 15:12:47,831 :       (bn2): WhiteBatchNorm2d(128, eps=1e-05, momentum=0.1, affine=True, track_running_stats=True)
2024-09-04 15:12:47,831 :       (conv3): WhiteConv2(128, 512, kernel_size=(1, 1), stride=(1, 1), bias=False, padding_mode=replicate)
2024-09-04 15:12:47,831 :       (bn3): WhiteBatchNorm2d(512, eps=1e-05, momentum=0.1, affine=True, track_running_stats=True)
2024-09-04 15:12:47,831 :       (downsample): WhiteSequential(
2024-09-04 15:12:47,831 :         (0): WhiteConv2(256, 512, kernel_size=(1, 1), stride=(2, 2), bias=False, padding_mode=replicate)
2024-09-04 15:12:47,831 :         (1): WhiteBatchNorm2d(512, eps=1e-05, momentum=0.1, affine=True, track_running_stats=True)
2024-09-04 15:12:47,831 :       )
2024-09-04 15:12:47,831 :       (add): WhiteAdd()
2024-09-04 15:12:47,831 :     )
2024-09-04 15:12:47,831 :     (1): WhiteBottleneck(
2024-09-04 15:12:47,831 :       (conv1): WhiteConv2(512, 128, kernel_size=(1, 1), stride=(1, 1), bias=False, padding_mode=replicate)
2024-09-04 15:12:47,831 :       (bn1): WhiteBatchNorm2d(128, eps=1e-05, momentum=0.1, affine=True, track_running_stats=True)
2024-09-04 15:12:47,831 :       (conv2): WhiteConv2(128, 128, kernel_size=(3, 3), stride=(1, 1), padding=(1, 1), bias=False, padding_mode=replicate)
2024-09-04 15:12:47,831 :       (bn2): WhiteBatchNorm2d(128, eps=1e-05, momentum=0.1, affine=True, track_running_stats=True)
2024-09-04 15:12:47,831 :       (conv3): WhiteConv2(128, 512, kernel_size=(1, 1), stride=(1, 1), bias=False, padding_mode=replicate)
2024-09-04 15:12:47,831 :       (bn3): WhiteBatchNorm2d(512, eps=1e-05, momentum=0.1, affine=True, track_running_stats=True)
2024-09-04 15:12:47,831 :       (add): WhiteAdd()
2024-09-04 15:12:47,832 :     )
2024-09-04 15:12:47,832 :     (2): WhiteBottleneck(
2024-09-04 15:12:47,832 :       (conv1): WhiteConv2(512, 128, kernel_size=(1, 1), stride=(1, 1), bias=False, padding_mode=replicate)
2024-09-04 15:12:47,832 :       (bn1): WhiteBatchNorm2d(128, eps=1e-05, momentum=0.1, affine=True, track_running_stats=True)
2024-09-04 15:12:47,832 :       (conv2): WhiteConv2(128, 128, kernel_size=(3, 3), stride=(1, 1), padding=(1, 1), bias=False, padding_mode=replicate)
2024-09-04 15:12:47,832 :       (bn2): WhiteBatchNorm2d(128, eps=1e-05, momentum=0.1, affine=True, track_running_stats=True)
2024-09-04 15:12:47,832 :       (conv3): WhiteConv2(128, 512, kernel_size=(1, 1), stride=(1, 1), bias=False, padding_mode=replicate)
2024-09-04 15:12:47,832 :       (bn3): WhiteBatchNorm2d(512, eps=1e-05, momentum=0.1, affine=True, track_running_stats=True)
2024-09-04 15:12:47,832 :       (add): WhiteAdd()
2024-09-04 15:12:47,832 :     )
2024-09-04 15:12:47,832 :     (3): WhiteBottleneck(
2024-09-04 15:12:47,832 :       (conv1): WhiteConv2(512, 128, kernel_size=(1, 1), stride=(1, 1), bias=False, padding_mode=replicate)
2024-09-04 15:12:47,832 :       (bn1): WhiteBatchNorm2d(128, eps=1e-05, momentum=0.1, affine=True, track_running_stats=True)
2024-09-04 15:12:47,832 :       (conv2): WhiteConv2(128, 128, kernel_size=(3, 3), stride=(1, 1), padding=(1, 1), bias=False, padding_mode=replicate)
2024-09-04 15:12:47,832 :       (bn2): WhiteBatchNorm2d(128, eps=1e-05, momentum=0.1, affine=True, track_running_stats=True)
2024-09-04 15:12:47,832 :       (conv3): WhiteConv2(128, 512, kernel_size=(1, 1), stride=(1, 1), bias=False, padding_mode=replicate)
2024-09-04 15:12:47,833 :       (bn3): WhiteBatchNorm2d(512, eps=1e-05, momentum=0.1, affine=True, track_running_stats=True)
2024-09-04 15:12:47,833 :       (add): WhiteAdd()
2024-09-04 15:12:47,833 :     )
2024-09-04 15:12:47,833 :   )
2024-09-04 15:12:47,833 :   (layer3): WhiteSequential(
2024-09-04 15:12:47,833 :     (0): WhiteBottleneck(
2024-09-04 15:12:47,833 :       (conv1): WhiteConv2(512, 256, kernel_size=(1, 1), stride=(1, 1), bias=False, padding_mode=replicate)
2024-09-04 15:12:47,833 :       (bn1): WhiteBatchNorm2d(256, eps=1e-05, momentum=0.1, affine=True, track_running_stats=True)
2024-09-04 15:12:47,833 :       (conv2): WhiteConv2(256, 256, kernel_size=(3, 3), stride=(2, 2), padding=(1, 1), bias=False, padding_mode=replicate)
2024-09-04 15:12:47,833 :       (bn2): WhiteBatchNorm2d(256, eps=1e-05, momentum=0.1, affine=True, track_running_stats=True)
2024-09-04 15:12:47,833 :       (conv3): WhiteConv2(256, 1024, kernel_size=(1, 1), stride=(1, 1), bias=False, padding_mode=replicate)
2024-09-04 15:12:47,833 :       (bn3): WhiteBatchNorm2d(1024, eps=1e-05, momentum=0.1, affine=True, track_running_stats=True)
2024-09-04 15:12:47,833 :       (downsample): WhiteSequential(
2024-09-04 15:12:47,833 :         (0): WhiteConv2(512, 1024, kernel_size=(1, 1), stride=(2, 2), bias=False, padding_mode=replicate)
2024-09-04 15:12:47,833 :         (1): WhiteBatchNorm2d(1024, eps=1e-05, momentum=0.1, affine=True, track_running_stats=True)
2024-09-04 15:12:47,833 :       )
2024-09-04 15:12:47,833 :       (add): WhiteAdd()
2024-09-04 15:12:47,833 :     )
2024-09-04 15:12:47,833 :     (1): WhiteBottleneck(
2024-09-04 15:12:47,833 :       (conv1): WhiteConv2(1024, 256, kernel_size=(1, 1), stride=(1, 1), bias=False, padding_mode=replicate)
2024-09-04 15:12:47,833 :       (bn1): WhiteBatchNorm2d(256, eps=1e-05, momentum=0.1, affine=True, track_running_stats=True)
2024-09-04 15:12:47,833 :       (conv2): WhiteConv2(256, 256, kernel_size=(3, 3), stride=(1, 1), padding=(1, 1), bias=False, padding_mode=replicate)
2024-09-04 15:12:47,833 :       (bn2): WhiteBatchNorm2d(256, eps=1e-05, momentum=0.1, affine=True, track_running_stats=True)
2024-09-04 15:12:47,833 :       (conv3): WhiteConv2(256, 1024, kernel_size=(1, 1), stride=(1, 1), bias=False, padding_mode=replicate)
2024-09-04 15:12:47,833 :       (bn3): WhiteBatchNorm2d(1024, eps=1e-05, momentum=0.1, affine=True, track_running_stats=True)
2024-09-04 15:12:47,833 :       (add): WhiteAdd()
2024-09-04 15:12:47,833 :     )
2024-09-04 15:12:47,833 :     (2): WhiteBottleneck(
2024-09-04 15:12:47,833 :       (conv1): WhiteConv2(1024, 256, kernel_size=(1, 1), stride=(1, 1), bias=False, padding_mode=replicate)
2024-09-04 15:12:47,833 :       (bn1): WhiteBatchNorm2d(256, eps=1e-05, momentum=0.1, affine=True, track_running_stats=True)
2024-09-04 15:12:47,834 :       (conv2): WhiteConv2(256, 256, kernel_size=(3, 3), stride=(1, 1), padding=(1, 1), bias=False, padding_mode=replicate)
2024-09-04 15:12:47,834 :       (bn2): WhiteBatchNorm2d(256, eps=1e-05, momentum=0.1, affine=True, track_running_stats=True)
2024-09-04 15:12:47,834 :       (conv3): WhiteConv2(256, 1024, kernel_size=(1, 1), stride=(1, 1), bias=False, padding_mode=replicate)
2024-09-04 15:12:47,834 :       (bn3): WhiteBatchNorm2d(1024, eps=1e-05, momentum=0.1, affine=True, track_running_stats=True)
2024-09-04 15:12:47,834 :       (add): WhiteAdd()
2024-09-04 15:12:47,834 :     )
2024-09-04 15:12:47,834 :     (3): WhiteBottleneck(
2024-09-04 15:12:47,834 :       (conv1): WhiteConv2(1024, 256, kernel_size=(1, 1), stride=(1, 1), bias=False, padding_mode=replicate)
2024-09-04 15:12:47,834 :       (bn1): WhiteBatchNorm2d(256, eps=1e-05, momentum=0.1, affine=True, track_running_stats=True)
2024-09-04 15:12:47,834 :       (conv2): WhiteConv2(256, 256, kernel_size=(3, 3), stride=(1, 1), padding=(1, 1), bias=False, padding_mode=replicate)
2024-09-04 15:12:47,834 :       (bn2): WhiteBatchNorm2d(256, eps=1e-05, momentum=0.1, affine=True, track_running_stats=True)
2024-09-04 15:12:47,834 :       (conv3): WhiteConv2(256, 1024, kernel_size=(1, 1), stride=(1, 1), bias=False, padding_mode=replicate)
2024-09-04 15:12:47,834 :       (bn3): WhiteBatchNorm2d(1024, eps=1e-05, momentum=0.1, affine=True, track_running_stats=True)
2024-09-04 15:12:47,834 :       (add): WhiteAdd()
2024-09-04 15:12:47,834 :     )
2024-09-04 15:12:47,834 :     (4): WhiteBottleneck(
2024-09-04 15:12:47,834 :       (conv1): WhiteConv2(1024, 256, kernel_size=(1, 1), stride=(1, 1), bias=False, padding_mode=replicate)
2024-09-04 15:12:47,834 :       (bn1): WhiteBatchNorm2d(256, eps=1e-05, momentum=0.1, affine=True, track_running_stats=True)
2024-09-04 15:12:47,834 :       (conv2): WhiteConv2(256, 256, kernel_size=(3, 3), stride=(1, 1), padding=(1, 1), bias=False, padding_mode=replicate)
2024-09-04 15:12:47,834 :       (bn2): WhiteBatchNorm2d(256, eps=1e-05, momentum=0.1, affine=True, track_running_stats=True)
2024-09-04 15:12:47,834 :       (conv3): WhiteConv2(256, 1024, kernel_size=(1, 1), stride=(1, 1), bias=False, padding_mode=replicate)
2024-09-04 15:12:47,834 :       (bn3): WhiteBatchNorm2d(1024, eps=1e-05, momentum=0.1, affine=True, track_running_stats=True)
2024-09-04 15:12:47,834 :       (add): WhiteAdd()
2024-09-04 15:12:47,834 :     )
2024-09-04 15:12:47,834 :     (5): WhiteBottleneck(
2024-09-04 15:12:47,834 :       (conv1): WhiteConv2(1024, 256, kernel_size=(1, 1), stride=(1, 1), bias=False, padding_mode=replicate)
2024-09-04 15:12:47,834 :       (bn1): WhiteBatchNorm2d(256, eps=1e-05, momentum=0.1, affine=True, track_running_stats=True)
2024-09-04 15:12:47,834 :       (conv2): WhiteConv2(256, 256, kernel_size=(3, 3), stride=(1, 1), padding=(1, 1), bias=False, padding_mode=replicate)
2024-09-04 15:12:47,834 :       (bn2): WhiteBatchNorm2d(256, eps=1e-05, momentum=0.1, affine=True, track_running_stats=True)
2024-09-04 15:12:47,834 :       (conv3): WhiteConv2(256, 1024, kernel_size=(1, 1), stride=(1, 1), bias=False, padding_mode=replicate)
2024-09-04 15:12:47,834 :       (bn3): WhiteBatchNorm2d(1024, eps=1e-05, momentum=0.1, affine=True, track_running_stats=True)
2024-09-04 15:12:47,834 :       (add): WhiteAdd()
2024-09-04 15:12:47,834 :     )
2024-09-04 15:12:47,834 :   )
2024-09-04 15:12:47,834 :   (layer4): WhiteSequential(
2024-09-04 15:12:47,834 :     (0): WhiteBottleneck(
2024-09-04 15:12:47,834 :       (conv1): WhiteConv2(1024, 512, kernel_size=(1, 1), stride=(1, 1), bias=False, padding_mode=replicate)
2024-09-04 15:12:47,834 :       (bn1): WhiteBatchNorm2d(512, eps=1e-05, momentum=0.1, affine=True, track_running_stats=True)
2024-09-04 15:12:47,835 :       (conv2): WhiteConv2(512, 512, kernel_size=(3, 3), stride=(2, 2), padding=(1, 1), bias=False, padding_mode=replicate)
2024-09-04 15:12:47,835 :       (bn2): WhiteBatchNorm2d(512, eps=1e-05, momentum=0.1, affine=True, track_running_stats=True)
2024-09-04 15:12:47,835 :       (conv3): WhiteConv2(512, 2048, kernel_size=(1, 1), stride=(1, 1), bias=False, padding_mode=replicate)
2024-09-04 15:12:47,835 :       (bn3): WhiteBatchNorm2d(2048, eps=1e-05, momentum=0.1, affine=True, track_running_stats=True)
2024-09-04 15:12:47,835 :       (downsample): WhiteSequential(
2024-09-04 15:12:47,835 :         (0): WhiteConv2(1024, 2048, kernel_size=(1, 1), stride=(2, 2), bias=False, padding_mode=replicate)
2024-09-04 15:12:47,835 :         (1): WhiteBatchNorm2d(2048, eps=1e-05, momentum=0.1, affine=True, track_running_stats=True)
2024-09-04 15:12:47,835 :       )
2024-09-04 15:12:47,835 :       (add): WhiteAdd()
2024-09-04 15:12:47,835 :     )
2024-09-04 15:12:47,835 :     (1): WhiteBottleneck(
2024-09-04 15:12:47,835 :       (conv1): WhiteConv2(2048, 512, kernel_size=(1, 1), stride=(1, 1), bias=False, padding_mode=replicate)
2024-09-04 15:12:47,835 :       (bn1): WhiteBatchNorm2d(512, eps=1e-05, momentum=0.1, affine=True, track_running_stats=True)
2024-09-04 15:12:47,835 :       (conv2): WhiteConv2(512, 512, kernel_size=(3, 3), stride=(1, 1), padding=(1, 1), bias=False, padding_mode=replicate)
2024-09-04 15:12:47,835 :       (bn2): WhiteBatchNorm2d(512, eps=1e-05, momentum=0.1, affine=True, track_running_stats=True)
2024-09-04 15:12:47,835 :       (conv3): WhiteConv2(512, 2048, kernel_size=(1, 1), stride=(1, 1), bias=False, padding_mode=replicate)
2024-09-04 15:12:47,835 :       (bn3): WhiteBatchNorm2d(2048, eps=1e-05, momentum=0.1, affine=True, track_running_stats=True)
2024-09-04 15:12:47,835 :       (add): WhiteAdd()
2024-09-04 15:12:47,835 :     )
2024-09-04 15:12:47,835 :     (2): WhiteBottleneck(
2024-09-04 15:12:47,835 :       (conv1): WhiteConv2(2048, 512, kernel_size=(1, 1), stride=(1, 1), bias=False, padding_mode=replicate)
2024-09-04 15:12:47,835 :       (bn1): WhiteBatchNorm2d(512, eps=1e-05, momentum=0.1, affine=True, track_running_stats=True)
2024-09-04 15:12:47,835 :       (conv2): WhiteConv2(512, 512, kernel_size=(3, 3), stride=(1, 1), padding=(1, 1), bias=False, padding_mode=replicate)
2024-09-04 15:12:47,835 :       (bn2): WhiteBatchNorm2d(512, eps=1e-05, momentum=0.1, affine=True, track_running_stats=True)
2024-09-04 15:12:47,835 :       (conv3): WhiteConv2(512, 2048, kernel_size=(1, 1), stride=(1, 1), bias=False, padding_mode=replicate)
2024-09-04 15:12:47,835 :       (bn3): WhiteBatchNorm2d(2048, eps=1e-05, momentum=0.1, affine=True, track_running_stats=True)
2024-09-04 15:12:47,835 :       (add): WhiteAdd()
2024-09-04 15:12:47,835 :     )
2024-09-04 15:12:47,835 :   )
2024-09-04 15:12:47,835 :   (avgpool): WhitePool()
2024-09-04 15:12:47,835 :   (fc): WhiteMiniLinear(in_features=2048, out_features=1000, bias=True)
2024-09-04 15:12:47,835 : )
2024-09-04 15:12:48,099 : ==============================1-conv1 load==============================
2024-09-04 15:12:48,099 : ==============================2-bn1 load==============================
2024-09-04 15:12:48,110 : ==============================3-maxpool load==============================
2024-09-04 15:12:48,155 : ==============================4-layer1.0.conv1 load==============================
2024-09-04 15:12:48,156 : ==============================5-layer1.0.bn1 load==============================
2024-09-04 15:12:48,227 : ==============================6-layer1.0.conv2 load==============================
2024-09-04 15:12:48,228 : ==============================7-layer1.0.bn2 load==============================
2024-09-04 15:12:48,277 : ==============================8-layer1.0.conv3 load==============================
2024-09-04 15:12:48,278 : ==============================9-layer1.0.bn3 load==============================
2024-09-04 15:12:48,384 : ==============================10-layer1.0.downsample.0 load==============================
2024-09-04 15:12:48,386 : ==============================11-layer1.0.downsample.1 load==============================
2024-09-04 15:12:48,388 : ==============================12-layer1.0.add load==============================
2024-09-04 15:12:48,430 : ==============================13-layer1.1.conv1 load==============================
2024-09-04 15:12:48,431 : ==============================14-layer1.1.bn1 load==============================
2024-09-04 15:12:48,497 : ==============================15-layer1.1.conv2 load==============================
2024-09-04 15:12:48,498 : ==============================16-layer1.1.bn2 load==============================
2024-09-04 15:12:48,534 : ==============================17-layer1.1.conv3 load==============================
2024-09-04 15:12:48,535 : ==============================18-layer1.1.bn3 load==============================
2024-09-04 15:12:48,537 : ==============================19-layer1.1.add load==============================
2024-09-04 15:12:48,585 : ==============================20-layer1.2.conv1 load==============================
2024-09-04 15:12:48,586 : ==============================21-layer1.2.bn1 load==============================
2024-09-04 15:12:48,699 : ==============================22-layer1.2.conv2 load==============================
2024-09-04 15:12:48,700 : ==============================23-layer1.2.bn2 load==============================
2024-09-04 15:12:48,740 : ==============================24-layer1.2.conv3 load==============================
2024-09-04 15:12:48,742 : ==============================25-layer1.2.bn3 load==============================
2024-09-04 15:12:48,745 : ==============================26-layer1.2.add load==============================
2024-09-04 15:12:48,869 : ==============================27-layer2.0.conv1 load==============================
2024-09-04 15:12:48,870 : ==============================28-layer2.0.bn1 load==============================
2024-09-04 15:12:49,058 : ==============================29-layer2.0.conv2 load==============================
2024-09-04 15:12:49,059 : ==============================30-layer2.0.bn2 load==============================
2024-09-04 15:12:49,195 : ==============================31-layer2.0.conv3 load==============================
2024-09-04 15:12:49,196 : ==============================32-layer2.0.bn3 load==============================
2024-09-04 15:12:49,298 : ==============================33-layer2.0.downsample.0 load==============================
2024-09-04 15:12:49,300 : ==============================34-layer2.0.downsample.1 load==============================
2024-09-04 15:12:49,303 : ==============================35-layer2.0.add load==============================
2024-09-04 15:12:49,347 : ==============================36-layer2.1.conv1 load==============================
2024-09-04 15:12:49,347 : ==============================37-layer2.1.bn1 load==============================
2024-09-04 15:12:49,450 : ==============================38-layer2.1.conv2 load==============================
2024-09-04 15:12:49,451 : ==============================39-layer2.1.bn2 load==============================
2024-09-04 15:12:49,515 : ==============================40-layer2.1.conv3 load==============================
2024-09-04 15:12:49,517 : ==============================41-layer2.1.bn3 load==============================
2024-09-04 15:12:49,520 : ==============================42-layer2.1.add load==============================
2024-09-04 15:12:49,596 : ==============================43-layer2.2.conv1 load==============================
2024-09-04 15:12:49,597 : ==============================44-layer2.2.bn1 load==============================
2024-09-04 15:12:49,740 : ==============================45-layer2.2.conv2 load==============================
2024-09-04 15:12:49,741 : ==============================46-layer2.2.bn2 load==============================
2024-09-04 15:12:49,839 : ==============================47-layer2.2.conv3 load==============================
2024-09-04 15:12:49,841 : ==============================48-layer2.2.bn3 load==============================
2024-09-04 15:12:49,845 : ==============================49-layer2.2.add load==============================
2024-09-04 15:12:49,943 : ==============================50-layer2.3.conv1 load==============================
2024-09-04 15:12:49,944 : ==============================51-layer2.3.bn1 load==============================
2024-09-04 15:12:50,140 : ==============================52-layer2.3.conv2 load==============================
2024-09-04 15:12:50,141 : ==============================53-layer2.3.bn2 load==============================
2024-09-04 15:12:50,242 : ==============================54-layer2.3.conv3 load==============================
2024-09-04 15:12:50,244 : ==============================55-layer2.3.bn3 load==============================
2024-09-04 15:12:50,248 : ==============================56-layer2.3.add load==============================
2024-09-04 15:12:50,624 : ==============================57-layer3.0.conv1 load==============================
2024-09-04 15:12:50,625 : ==============================58-layer3.0.bn1 load==============================
2024-09-04 15:12:50,788 : ==============================59-layer3.0.conv2 load==============================
2024-09-04 15:12:50,790 : ==============================60-layer3.0.bn2 load==============================
2024-09-04 15:12:51,022 : ==============================61-layer3.0.conv3 load==============================
2024-09-04 15:12:51,025 : ==============================62-layer3.0.bn3 load==============================
2024-09-04 15:12:51,216 : ==============================63-layer3.0.downsample.0 load==============================
2024-09-04 15:12:51,219 : ==============================64-layer3.0.downsample.1 load==============================
2024-09-04 15:12:51,222 : ==============================65-layer3.0.add load==============================
2024-09-04 15:12:51,276 : ==============================66-layer3.1.conv1 load==============================
2024-09-04 15:12:51,277 : ==============================67-layer3.1.bn1 load==============================
2024-09-04 15:12:51,369 : ==============================68-layer3.1.conv2 load==============================
2024-09-04 15:12:51,370 : ==============================69-layer3.1.bn2 load==============================
2024-09-04 15:12:51,459 : ==============================70-layer3.1.conv3 load==============================
2024-09-04 15:12:51,463 : ==============================71-layer3.1.bn3 load==============================
2024-09-04 15:12:51,467 : ==============================72-layer3.1.add load==============================
2024-09-04 15:12:51,516 : ==============================73-layer3.2.conv1 load==============================
2024-09-04 15:12:51,517 : ==============================74-layer3.2.bn1 load==============================
2024-09-04 15:12:51,626 : ==============================75-layer3.2.conv2 load==============================
2024-09-04 15:12:51,627 : ==============================76-layer3.2.bn2 load==============================
2024-09-04 15:12:51,717 : ==============================77-layer3.2.conv3 load==============================
2024-09-04 15:12:51,720 : ==============================78-layer3.2.bn3 load==============================
2024-09-04 15:12:51,724 : ==============================79-layer3.2.add load==============================
2024-09-04 15:12:51,796 : ==============================80-layer3.3.conv1 load==============================
2024-09-04 15:12:51,797 : ==============================81-layer3.3.bn1 load==============================
2024-09-04 15:12:51,887 : ==============================82-layer3.3.conv2 load==============================
2024-09-04 15:12:51,888 : ==============================83-layer3.3.bn2 load==============================
2024-09-04 15:12:51,964 : ==============================84-layer3.3.conv3 load==============================
2024-09-04 15:12:51,967 : ==============================85-layer3.3.bn3 load==============================
2024-09-04 15:12:51,972 : ==============================86-layer3.3.add load==============================
2024-09-04 15:12:52,044 : ==============================87-layer3.4.conv1 load==============================
2024-09-04 15:12:52,045 : ==============================88-layer3.4.bn1 load==============================
2024-09-04 15:12:52,106 : ==============================89-layer3.4.conv2 load==============================
2024-09-04 15:12:52,107 : ==============================90-layer3.4.bn2 load==============================
2024-09-04 15:12:52,158 : ==============================91-layer3.4.conv3 load==============================
2024-09-04 15:12:52,161 : ==============================92-layer3.4.bn3 load==============================
2024-09-04 15:12:52,165 : ==============================93-layer3.4.add load==============================
2024-09-04 15:12:52,245 : ==============================94-layer3.5.conv1 load==============================
2024-09-04 15:12:52,246 : ==============================95-layer3.5.bn1 load==============================
2024-09-04 15:12:52,330 : ==============================96-layer3.5.conv2 load==============================
2024-09-04 15:12:52,331 : ==============================97-layer3.5.bn2 load==============================
2024-09-04 15:12:52,392 : ==============================98-layer3.5.conv3 load==============================
2024-09-04 15:12:52,396 : ==============================99-layer3.5.bn3 load==============================
2024-09-04 15:12:52,400 : ==============================100-layer3.5.add load==============================
2024-09-04 15:12:52,896 : ==============================101-layer4.0.conv1 load==============================
2024-09-04 15:12:52,899 : ==============================102-layer4.0.bn1 load==============================
2024-09-04 15:12:52,990 : ==============================103-layer4.0.conv2 load==============================
2024-09-04 15:12:52,991 : ==============================104-layer4.0.bn2 load==============================
2024-09-04 15:12:53,324 : ==============================105-layer4.0.conv3 load==============================
2024-09-04 15:12:53,330 : ==============================106-layer4.0.bn3 load==============================
2024-09-04 15:12:53,492 : ==============================107-layer4.0.downsample.0 load==============================
2024-09-04 15:12:53,498 : ==============================108-layer4.0.downsample.1 load==============================
2024-09-04 15:12:53,504 : ==============================109-layer4.0.add load==============================
2024-09-04 15:12:53,584 : ==============================110-layer4.1.conv1 load==============================
2024-09-04 15:12:53,586 : ==============================111-layer4.1.bn1 load==============================
2024-09-04 15:12:53,711 : ==============================112-layer4.1.conv2 load==============================
2024-09-04 15:12:53,712 : ==============================113-layer4.1.bn2 load==============================
2024-09-04 15:12:53,830 : ==============================114-layer4.1.conv3 load==============================
2024-09-04 15:12:53,835 : ==============================115-layer4.1.bn3 load==============================
2024-09-04 15:12:53,842 : ==============================116-layer4.1.add load==============================
2024-09-04 15:12:54,178 : ==============================117-layer4.2.conv1 load==============================
2024-09-04 15:12:54,180 : ==============================118-layer4.2.bn1 load==============================
2024-09-04 15:12:54,280 : ==============================119-layer4.2.conv2 load==============================
2024-09-04 15:12:54,282 : ==============================120-layer4.2.bn2 load==============================
2024-09-04 15:12:54,533 : ==============================121-layer4.2.conv3 load==============================
2024-09-04 15:12:54,538 : ==============================122-layer4.2.bn3 load==============================
2024-09-04 15:12:54,546 : ==============================123-layer4.2.add load==============================
2024-09-04 15:12:55,585 : ==============================124-avgpool load==============================
2024-09-04 15:12:59,536 : ==============================125-fc load==============================
2024-09-04 15:13:25,097 : 0 200 Acc: 60.000%
2024-09-04 15:13:51,055 : 1 200 Acc: 60.000%
2024-09-04 15:14:17,250 : 2 200 Acc: 63.333%
2024-09-04 15:14:42,990 : 3 200 Acc: 62.500%
2024-09-04 15:15:20,090 : 4 200 Acc: 62.000%
2024-09-04 15:16:06,715 : 5 200 Acc: 61.667%
2024-09-04 15:16:52,097 : 6 200 Acc: 62.857%
2024-09-04 15:17:11,071 : Traceback (most recent call last):
2024-09-04 15:17:11,071 :   File "E:\TableNet\generateWhitebox.py", line 172, in <module>
2024-09-04 15:17:11,073 :     net.test_whitebox(save_path, train_set, test_set, test_batch_size, clustering_batch_size, white_bit, input_format)
2024-09-04 15:17:11,073 :   File "E:\TableNet\modules\white_net.py", line 85, in test_whitebox
2024-09-04 15:17:11,073 :     self.test_once(test_loader)
2024-09-04 15:17:11,073 :   File "E:\TableNet\modules\white_net.py", line 26, in test_once
2024-09-04 15:17:11,074 :     outputs = self(inputs)
2024-09-04 15:17:11,074 :   File "D:\Projects\Pycharm\WBML_update(1)\venv\lib\site-packages\torch\nn\modules\module.py", line 1190, in _call_impl
2024-09-04 15:17:11,074 :     return forward_call(*input, **kwargs)
2024-09-04 15:17:11,074 :   File "E:\TableNet\net\resnet50.py", line 132, in forward
2024-09-04 15:17:11,074 :     x = self.layer2(x)
2024-09-04 15:17:11,074 :   File "D:\Projects\Pycharm\WBML_update(1)\venv\lib\site-packages\torch\nn\modules\module.py", line 1190, in _call_impl
2024-09-04 15:17:11,075 :     return forward_call(*input, **kwargs)
2024-09-04 15:17:11,075 :   File "D:\Projects\Pycharm\WBML_update(1)\venv\lib\site-packages\torch\nn\modules\container.py", line 204, in forward
2024-09-04 15:17:11,075 :     input = module(input)
2024-09-04 15:17:11,075 :   File "D:\Projects\Pycharm\WBML_update(1)\venv\lib\site-packages\torch\nn\modules\module.py", line 1190, in _call_impl
2024-09-04 15:17:11,075 :     return forward_call(*input, **kwargs)
2024-09-04 15:17:11,075 :   File "E:\TableNet\net\resnet50.py", line 76, in forward
2024-09-04 15:17:11,075 :     out = self.conv2(out)
2024-09-04 15:17:11,075 :   File "D:\Projects\Pycharm\WBML_update(1)\venv\lib\site-packages\torch\nn\modules\module.py", line 1190, in _call_impl
2024-09-04 15:17:11,076 :     return forward_call(*input, **kwargs)
2024-09-04 15:17:11,076 :   File "E:\TableNet\modules\parents\clustering_layer.py", line 85, in forward
2024-09-04 15:17:11,076 :     out = self._whitebox_forward(input)
2024-09-04 15:17:11,076 :   File "E:\TableNet\modules\white_conv.py", line 69, in _whitebox_forward
2024-09-04 15:17:11,076 :     out[:, out_ch] = table[out[:, out_ch], input_arr[:, in_ch, i: i + step: stride, j: j + step: stride]]
2024-09-04 15:17:11,076 : KeyboardInterrupt
